{"meta": {"format": 3, "version": "7.11.0", "timestamp": "2025-10-23T20:37:41.106067", "branch_coverage": false, "show_contexts": false}, "files": {"src/__init__.py": {"executed_lines": [0], "summary": {"covered_lines": 0, "num_statements": 0, "percent_covered": 100.0, "percent_covered_display": "100", "missing_lines": 0, "excluded_lines": 0}, "missing_lines": [], "excluded_lines": [], "functions": {"": {"executed_lines": [], "summary": {"covered_lines": 0, "num_statements": 0, "percent_covered": 100.0, "percent_covered_display": "100", "missing_lines": 0, "excluded_lines": 0}, "missing_lines": [], "excluded_lines": []}}, "classes": {"": {"executed_lines": [], "summary": {"covered_lines": 0, "num_statements": 0, "percent_covered": 100.0, "percent_covered_display": "100", "missing_lines": 0, "excluded_lines": 0}, "missing_lines": [], "excluded_lines": []}}}, "src/api/__init__.py": {"executed_lines": [0], "summary": {"covered_lines": 0, "num_statements": 0, "percent_covered": 100.0, "percent_covered_display": "100", "missing_lines": 0, "excluded_lines": 0}, "missing_lines": [], "excluded_lines": [], "functions": {"": {"executed_lines": [], "summary": {"covered_lines": 0, "num_statements": 0, "percent_covered": 100.0, "percent_covered_display": "100", "missing_lines": 0, "excluded_lines": 0}, "missing_lines": [], "excluded_lines": []}}, "classes": {"": {"executed_lines": [], "summary": {"covered_lines": 0, "num_statements": 0, "percent_covered": 100.0, "percent_covered_display": "100", "missing_lines": 0, "excluded_lines": 0}, "missing_lines": [], "excluded_lines": []}}}, "src/api/main.py": {"executed_lines": [1, 7, 8, 9, 10, 11, 14, 23, 32, 38, 44, 45, 47, 48, 49, 52, 53, 55, 57, 58, 60, 74, 75, 77, 84, 85, 87, 93, 94, 95], "summary": {"covered_lines": 29, "num_statements": 29, "percent_covered": 100.0, "percent_covered_display": "100", "missing_lines": 0, "excluded_lines": 0}, "missing_lines": [], "excluded_lines": [], "functions": {"add_metrics": {"executed_lines": [47, 48, 49, 52, 53, 55], "summary": {"covered_lines": 6, "num_statements": 6, "percent_covered": 100.0, "percent_covered_display": "100", "missing_lines": 0, "excluded_lines": 0}, "missing_lines": [], "excluded_lines": []}, "root": {"executed_lines": [60], "summary": {"covered_lines": 1, "num_statements": 1, "percent_covered": 100.0, "percent_covered_display": "100", "missing_lines": 0, "excluded_lines": 0}, "missing_lines": [], "excluded_lines": []}, "health": {"executed_lines": [77], "summary": {"covered_lines": 1, "num_statements": 1, "percent_covered": 100.0, "percent_covered_display": "100", "missing_lines": 0, "excluded_lines": 0}, "missing_lines": [], "excluded_lines": []}, "metrics": {"executed_lines": [87], "summary": {"covered_lines": 1, "num_statements": 1, "percent_covered": 100.0, "percent_covered_display": "100", "missing_lines": 0, "excluded_lines": 0}, "missing_lines": [], "excluded_lines": []}, "": {"executed_lines": [1, 7, 8, 9, 10, 11, 14, 23, 32, 38, 44, 45, 57, 58, 74, 75, 84, 85, 93, 94, 95], "summary": {"covered_lines": 20, "num_statements": 20, "percent_covered": 100.0, "percent_covered_display": "100", "missing_lines": 0, "excluded_lines": 0}, "missing_lines": [], "excluded_lines": []}}, "classes": {"": {"executed_lines": [1, 7, 8, 9, 10, 11, 14, 23, 32, 38, 44, 45, 47, 48, 49, 52, 53, 55, 57, 58, 60, 74, 75, 77, 84, 85, 87, 93, 94, 95], "summary": {"covered_lines": 29, "num_statements": 29, "percent_covered": 100.0, "percent_covered_display": "100", "missing_lines": 0, "excluded_lines": 0}, "missing_lines": [], "excluded_lines": []}}}, "src/api/routes/__init__.py": {"executed_lines": [0], "summary": {"covered_lines": 0, "num_statements": 0, "percent_covered": 100.0, "percent_covered_display": "100", "missing_lines": 0, "excluded_lines": 0}, "missing_lines": [], "excluded_lines": [], "functions": {"": {"executed_lines": [], "summary": {"covered_lines": 0, "num_statements": 0, "percent_covered": 100.0, "percent_covered_display": "100", "missing_lines": 0, "excluded_lines": 0}, "missing_lines": [], "excluded_lines": []}}, "classes": {"": {"executed_lines": [], "summary": {"covered_lines": 0, "num_statements": 0, "percent_covered": 100.0, "percent_covered_display": "100", "missing_lines": 0, "excluded_lines": 0}, "missing_lines": [], "excluded_lines": []}}}, "src/api/routes/cache.py": {"executed_lines": [1, 8, 9, 10, 11, 13, 15, 18, 25, 26, 27, 28, 29, 34, 35, 48, 49, 85, 86, 89, 92, 94, 99, 106, 107, 123, 124, 126, 129, 132, 135, 137, 139, 154, 155, 192, 193, 197, 200, 206, 210, 223, 224, 276, 277, 278, 279, 280, 282, 283, 292, 293, 320, 321, 325, 327, 335, 336, 338, 344, 351, 355, 369, 370, 402, 403, 405, 406, 408, 431, 442, 443, 470, 471, 473, 474, 477, 478, 480, 498], "summary": {"covered_lines": 77, "num_statements": 108, "percent_covered": 71.29629629629629, "percent_covered_display": "71", "missing_lines": 31, "excluded_lines": 0}, "missing_lines": [101, 102, 103, 145, 146, 147, 218, 219, 220, 248, 249, 251, 254, 259, 261, 267, 268, 269, 346, 347, 348, 349, 360, 361, 362, 433, 434, 435, 500, 501, 502], "excluded_lines": [], "functions": {"get_cache_stats": {"executed_lines": [85, 86, 89, 92, 94, 99], "summary": {"covered_lines": 6, "num_statements": 9, "percent_covered": 66.66666666666667, "percent_covered_display": "67", "missing_lines": 3, "excluded_lines": 0}, "missing_lines": [101, 102, 103], "excluded_lines": []}, "reset_cache_stats": {"executed_lines": [123, 124, 126, 129, 132, 135, 137, 139], "summary": {"covered_lines": 8, "num_statements": 11, "percent_covered": 72.72727272727273, "percent_covered_display": "73", "missing_lines": 3, "excluded_lines": 0}, "missing_lines": [145, 146, 147], "excluded_lines": []}, "invalidate_cache": {"executed_lines": [192, 193, 197, 200, 206, 210], "summary": {"covered_lines": 6, "num_statements": 9, "percent_covered": 66.66666666666667, "percent_covered_display": "67", "missing_lines": 3, "excluded_lines": 0}, "missing_lines": [218, 219, 220], "excluded_lines": []}, "invalidate_case_cache": {"executed_lines": [], "summary": {"covered_lines": 0, "num_statements": 9, "percent_covered": 0.0, "percent_covered_display": "0", "missing_lines": 9, "excluded_lines": 0}, "missing_lines": [248, 249, 251, 254, 259, 261, 267, 268, 269], "excluded_lines": []}, "warmup_cache": {"executed_lines": [320, 321, 325, 327, 335, 336, 338, 344, 351, 355], "summary": {"covered_lines": 10, "num_statements": 17, "percent_covered": 58.8235294117647, "percent_covered_display": "59", "missing_lines": 7, "excluded_lines": 0}, "missing_lines": [346, 347, 348, 349, 360, 361, 362], "excluded_lines": []}, "get_cache_config": {"executed_lines": [402, 403, 405, 406, 408, 431], "summary": {"covered_lines": 6, "num_statements": 9, "percent_covered": 66.66666666666667, "percent_covered_display": "67", "missing_lines": 3, "excluded_lines": 0}, "missing_lines": [433, 434, 435], "excluded_lines": []}, "cache_health": {"executed_lines": [470, 471, 473, 474, 477, 478, 480, 498], "summary": {"covered_lines": 8, "num_statements": 11, "percent_covered": 72.72727272727273, "percent_covered_display": "73", "missing_lines": 3, "excluded_lines": 0}, "missing_lines": [500, 501, 502], "excluded_lines": []}, "": {"executed_lines": [1, 8, 9, 10, 11, 13, 15, 18, 25, 26, 27, 28, 29, 34, 35, 48, 49, 106, 107, 154, 155, 223, 224, 276, 277, 278, 279, 280, 282, 283, 292, 293, 369, 370, 442, 443], "summary": {"covered_lines": 33, "num_statements": 33, "percent_covered": 100.0, "percent_covered_display": "100", "missing_lines": 0, "excluded_lines": 0}, "missing_lines": [], "excluded_lines": []}}, "classes": {"CacheInvalidationRequest": {"executed_lines": [], "summary": {"covered_lines": 0, "num_statements": 0, "percent_covered": 100.0, "percent_covered_display": "100", "missing_lines": 0, "excluded_lines": 0}, "missing_lines": [], "excluded_lines": []}, "CacheInvalidationRequest.Config": {"executed_lines": [], "summary": {"covered_lines": 0, "num_statements": 0, "percent_covered": 100.0, "percent_covered_display": "100", "missing_lines": 0, "excluded_lines": 0}, "missing_lines": [], "excluded_lines": []}, "CacheWarmupRequest": {"executed_lines": [], "summary": {"covered_lines": 0, "num_statements": 0, "percent_covered": 100.0, "percent_covered_display": "100", "missing_lines": 0, "excluded_lines": 0}, "missing_lines": [], "excluded_lines": []}, "CacheWarmupRequest.Config": {"executed_lines": [], "summary": {"covered_lines": 0, "num_statements": 0, "percent_covered": 100.0, "percent_covered_display": "100", "missing_lines": 0, "excluded_lines": 0}, "missing_lines": [], "excluded_lines": []}, "": {"executed_lines": [1, 8, 9, 10, 11, 13, 15, 18, 25, 26, 27, 28, 29, 34, 35, 48, 49, 85, 86, 89, 92, 94, 99, 106, 107, 123, 124, 126, 129, 132, 135, 137, 139, 154, 155, 192, 193, 197, 200, 206, 210, 223, 224, 276, 277, 278, 279, 280, 282, 283, 292, 293, 320, 321, 325, 327, 335, 336, 338, 344, 351, 355, 369, 370, 402, 403, 405, 406, 408, 431, 442, 443, 470, 471, 473, 474, 477, 478, 480, 498], "summary": {"covered_lines": 77, "num_statements": 108, "percent_covered": 71.29629629629629, "percent_covered_display": "71", "missing_lines": 31, "excluded_lines": 0}, "missing_lines": [101, 102, 103, 145, 146, 147, 218, 219, 220, 248, 249, 251, 254, 259, 261, 267, 268, 269, 346, 347, 348, 349, 360, 361, 362, 433, 434, 435, 500, 501, 502], "excluded_lines": []}}}, "src/api/routes/context.py": {"executed_lines": [1, 8, 9, 10, 11, 13, 14, 15, 16, 18, 21, 24, 25, 26, 28, 32, 33, 36, 37, 40, 45, 47, 54, 55, 56, 57, 58, 62, 66, 71, 72, 82, 83, 84, 85, 86, 91, 92, 105, 106, 170, 171, 177, 180, 188, 195, 205, 206, 243, 244, 309, 310, 363, 364, 416, 417, 418, 419, 420, 421, 423, 424, 434, 435], "summary": {"covered_lines": 60, "num_statements": 122, "percent_covered": 49.18032786885246, "percent_covered_display": "49", "missing_lines": 62, "excluded_lines": 0}, "missing_lines": [197, 198, 199, 200, 201, 202, 230, 236, 267, 268, 273, 274, 276, 277, 284, 287, 293, 295, 301, 302, 303, 304, 305, 306, 336, 337, 340, 343, 349, 351, 352, 353, 354, 355, 356, 383, 384, 387, 395, 397, 399, 407, 408, 409, 467, 468, 472, 474, 483, 484, 485, 491, 492, 494, 495, 496, 497, 499, 503, 505, 506, 507], "excluded_lines": [], "functions": {"get_context_builder": {"executed_lines": [32, 33, 36, 37, 40, 45, 47], "summary": {"covered_lines": 7, "num_statements": 7, "percent_covered": 100.0, "percent_covered_display": "100", "missing_lines": 0, "excluded_lines": 0}, "missing_lines": [], "excluded_lines": []}, "retrieve_context": {"executed_lines": [170, 171, 177, 180, 188, 195], "summary": {"covered_lines": 6, "num_statements": 12, "percent_covered": 50.0, "percent_covered_display": "50", "missing_lines": 6, "excluded_lines": 0}, "missing_lines": [197, 198, 199, 200, 201, 202], "excluded_lines": []}, "retrieve_context_get": {"executed_lines": [], "summary": {"covered_lines": 0, "num_statements": 2, "percent_covered": 0.0, "percent_covered_display": "0", "missing_lines": 2, "excluded_lines": 0}, "missing_lines": [230, 236], "excluded_lines": []}, "retrieve_dimension": {"executed_lines": [], "summary": {"covered_lines": 0, "num_statements": 16, "percent_covered": 0.0, "percent_covered_display": "0", "missing_lines": 16, "excluded_lines": 0}, "missing_lines": [267, 268, 273, 274, 276, 277, 284, 287, 293, 295, 301, 302, 303, 304, 305, 306], "excluded_lines": []}, "get_dimension_quality": {"executed_lines": [], "summary": {"covered_lines": 0, "num_statements": 11, "percent_covered": 0.0, "percent_covered_display": "0", "missing_lines": 11, "excluded_lines": 0}, "missing_lines": [336, 337, 340, 343, 349, 351, 352, 353, 354, 355, 356], "excluded_lines": []}, "refresh_context": {"executed_lines": [], "summary": {"covered_lines": 0, "num_statements": 9, "percent_covered": 0.0, "percent_covered_display": "0", "missing_lines": 9, "excluded_lines": 0}, "missing_lines": [383, 384, 387, 395, 397, 399, 407, 408, 409], "excluded_lines": []}, "batch_retrieve_context": {"executed_lines": [], "summary": {"covered_lines": 0, "num_statements": 18, "percent_covered": 0.0, "percent_covered_display": "0", "missing_lines": 18, "excluded_lines": 0}, "missing_lines": [467, 468, 472, 474, 483, 484, 485, 491, 492, 494, 495, 496, 497, 499, 503, 505, 506, 507], "excluded_lines": []}, "": {"executed_lines": [1, 8, 9, 10, 11, 13, 14, 15, 16, 18, 21, 24, 25, 26, 28, 54, 55, 56, 57, 58, 62, 66, 71, 72, 82, 83, 84, 85, 86, 91, 92, 105, 106, 205, 206, 243, 244, 309, 310, 363, 364, 416, 417, 418, 419, 420, 421, 423, 424, 434, 435], "summary": {"covered_lines": 47, "num_statements": 47, "percent_covered": 100.0, "percent_covered_display": "100", "missing_lines": 0, "excluded_lines": 0}, "missing_lines": [], "excluded_lines": []}}, "classes": {"ContextRetrievalRequest": {"executed_lines": [], "summary": {"covered_lines": 0, "num_statements": 0, "percent_covered": 100.0, "percent_covered_display": "100", "missing_lines": 0, "excluded_lines": 0}, "missing_lines": [], "excluded_lines": []}, "ContextRetrievalRequest.Config": {"executed_lines": [], "summary": {"covered_lines": 0, "num_statements": 0, "percent_covered": 100.0, "percent_covered_display": "100", "missing_lines": 0, "excluded_lines": 0}, "missing_lines": [], "excluded_lines": []}, "DimensionRequest": {"executed_lines": [], "summary": {"covered_lines": 0, "num_statements": 0, "percent_covered": 100.0, "percent_covered_display": "100", "missing_lines": 0, "excluded_lines": 0}, "missing_lines": [], "excluded_lines": []}, "DimensionRequest.Config": {"executed_lines": [], "summary": {"covered_lines": 0, "num_statements": 0, "percent_covered": 100.0, "percent_covered_display": "100", "missing_lines": 0, "excluded_lines": 0}, "missing_lines": [], "excluded_lines": []}, "BatchContextRequest": {"executed_lines": [], "summary": {"covered_lines": 0, "num_statements": 0, "percent_covered": 100.0, "percent_covered_display": "100", "missing_lines": 0, "excluded_lines": 0}, "missing_lines": [], "excluded_lines": []}, "BatchContextRequest.Config": {"executed_lines": [], "summary": {"covered_lines": 0, "num_statements": 0, "percent_covered": 100.0, "percent_covered_display": "100", "missing_lines": 0, "excluded_lines": 0}, "missing_lines": [], "excluded_lines": []}, "": {"executed_lines": [1, 8, 9, 10, 11, 13, 14, 15, 16, 18, 21, 24, 25, 26, 28, 32, 33, 36, 37, 40, 45, 47, 54, 55, 56, 57, 58, 62, 66, 71, 72, 82, 83, 84, 85, 86, 91, 92, 105, 106, 170, 171, 177, 180, 188, 195, 205, 206, 243, 244, 309, 310, 363, 364, 416, 417, 418, 419, 420, 421, 423, 424, 434, 435], "summary": {"covered_lines": 60, "num_statements": 122, "percent_covered": 49.18032786885246, "percent_covered_display": "49", "missing_lines": 62, "excluded_lines": 0}, "missing_lines": [197, 198, 199, 200, 201, 202, 230, 236, 267, 268, 273, 274, 276, 277, 284, 287, 293, 295, 301, 302, 303, 304, 305, 306, 336, 337, 340, 343, 349, 351, 352, 353, 354, 355, 356, 383, 384, 387, 395, 397, 399, 407, 408, 409, 467, 468, 472, 474, 483, 484, 485, 491, 492, 494, 495, 496, 497, 499, 503, 505, 506, 507], "excluded_lines": []}}}, "src/clients/__init__.py": {"executed_lines": [0], "summary": {"covered_lines": 0, "num_statements": 0, "percent_covered": 100.0, "percent_covered_display": "100", "missing_lines": 0, "excluded_lines": 0}, "missing_lines": [], "excluded_lines": [], "functions": {"": {"executed_lines": [], "summary": {"covered_lines": 0, "num_statements": 0, "percent_covered": 100.0, "percent_covered_display": "100", "missing_lines": 0, "excluded_lines": 0}, "missing_lines": [], "excluded_lines": []}}, "classes": {"": {"executed_lines": [], "summary": {"covered_lines": 0, "num_statements": 0, "percent_covered": 100.0, "percent_covered_display": "100", "missing_lines": 0, "excluded_lines": 0}, "missing_lines": [], "excluded_lines": []}}}, "src/clients/graphrag_client.py": {"executed_lines": [1, 18, 19, 20, 21, 22, 23, 24, 27, 35, 36, 38, 39, 40, 41, 42, 43, 44, 45, 47, 48, 49, 51, 54, 55, 57, 58, 59, 60, 61, 62, 63, 64, 67, 68, 70, 71, 72, 73, 74, 75, 76, 77, 78, 81, 82, 84, 85, 86, 87, 88, 89, 90, 91, 92, 95, 96, 98, 99, 100, 101, 102, 103, 104, 105, 108, 109, 111, 112, 113, 114, 115, 116, 117, 118, 119, 120, 128, 129, 164, 180, 181, 182, 183, 186, 191, 200, 202, 204, 206, 208, 210, 211, 217, 241, 243, 244, 245, 246, 247, 254, 255, 257, 271, 273, 276, 278, 289, 290, 294, 295, 301, 353, 355, 357, 367, 370, 375, 395, 430, 455, 515, 570, 678, 723, 725, 735, 738, 739, 741, 746, 760, 815, 876, 904, 905, 906, 907, 908, 909, 910, 912, 914, 915, 918, 929, 931, 945, 946, 947, 949, 950, 960, 1020, 1047], "summary": {"covered_lines": 147, "num_statements": 231, "percent_covered": 63.63636363636363, "percent_covered_display": "64", "missing_lines": 84, "excluded_lines": 0}, "missing_lines": [248, 249, 251, 259, 260, 261, 265, 266, 268, 269, 368, 376, 379, 380, 383, 387, 388, 393, 432, 438, 439, 441, 443, 449, 450, 452, 453, 487, 490, 499, 500, 502, 507, 508, 510, 512, 513, 548, 550, 560, 562, 563, 565, 567, 568, 632, 634, 658, 663, 664, 666, 672, 736, 747, 750, 751, 753, 758, 792, 794, 802, 809, 813, 847, 849, 850, 851, 852, 854, 863, 868, 870, 952, 953, 954, 992, 994, 995, 997, 998, 999, 1001, 1006, 1012], "excluded_lines": [], "functions": {"GraphEntity.validate_entity_type": {"executed_lines": [51], "summary": {"covered_lines": 1, "num_statements": 1, "percent_covered": 100.0, "percent_covered_display": "100", "missing_lines": 0, "excluded_lines": 0}, "missing_lines": [], "excluded_lines": []}, "GraphRAGClient.__init__": {"executed_lines": [180, 181, 182, 183, 186, 191], "summary": {"covered_lines": 6, "num_statements": 6, "percent_covered": 100.0, "percent_covered_display": "100", "missing_lines": 0, "excluded_lines": 0}, "missing_lines": [], "excluded_lines": []}, "GraphRAGClient.__aenter__": {"executed_lines": [202], "summary": {"covered_lines": 1, "num_statements": 1, "percent_covered": 100.0, "percent_covered_display": "100", "missing_lines": 0, "excluded_lines": 0}, "missing_lines": [], "excluded_lines": []}, "GraphRAGClient.__aexit__": {"executed_lines": [206], "summary": {"covered_lines": 1, "num_statements": 1, "percent_covered": 100.0, "percent_covered_display": "100", "missing_lines": 0, "excluded_lines": 0}, "missing_lines": [], "excluded_lines": []}, "GraphRAGClient.close": {"executed_lines": [210, 211], "summary": {"covered_lines": 2, "num_statements": 2, "percent_covered": 100.0, "percent_covered_display": "100", "missing_lines": 0, "excluded_lines": 0}, "missing_lines": [], "excluded_lines": []}, "GraphRAGClient._make_request": {"executed_lines": [241, 243, 244, 245, 246, 247, 254, 255, 257, 271, 273, 276], "summary": {"covered_lines": 12, "num_statements": 22, "percent_covered": 54.54545454545455, "percent_covered_display": "55", "missing_lines": 10, "excluded_lines": 0}, "missing_lines": [248, 249, 251, 259, 260, 261, 265, 266, 268, 269], "excluded_lines": []}, "GraphRAGClient._validate_case_id": {"executed_lines": [289, 290, 294, 295], "summary": {"covered_lines": 4, "num_statements": 4, "percent_covered": 100.0, "percent_covered_display": "100", "missing_lines": 0, "excluded_lines": 0}, "missing_lines": [], "excluded_lines": []}, "GraphRAGClient.query_case_graph": {"executed_lines": [353, 355, 357, 367, 370, 375], "summary": {"covered_lines": 6, "num_statements": 14, "percent_covered": 42.857142857142854, "percent_covered_display": "43", "missing_lines": 8, "excluded_lines": 0}, "missing_lines": [368, 376, 379, 380, 383, 387, 388, 393], "excluded_lines": []}, "GraphRAGClient.get_case_entities": {"executed_lines": [430], "summary": {"covered_lines": 1, "num_statements": 10, "percent_covered": 10.0, "percent_covered_display": "10", "missing_lines": 9, "excluded_lines": 0}, "missing_lines": [432, 438, 439, 441, 443, 449, 450, 452, 453], "excluded_lines": []}, "GraphRAGClient.get_case_relationships": {"executed_lines": [], "summary": {"covered_lines": 0, "num_statements": 10, "percent_covered": 0.0, "percent_covered_display": "0", "missing_lines": 10, "excluded_lines": 0}, "missing_lines": [487, 490, 499, 500, 502, 507, 508, 510, 512, 513], "excluded_lines": []}, "GraphRAGClient.get_case_communities": {"executed_lines": [], "summary": {"covered_lines": 0, "num_statements": 8, "percent_covered": 0.0, "percent_covered_display": "0", "missing_lines": 8, "excluded_lines": 0}, "missing_lines": [548, 550, 560, 562, 563, 565, 567, 568], "excluded_lines": []}, "GraphRAGClient.create_case_graph": {"executed_lines": [], "summary": {"covered_lines": 0, "num_statements": 7, "percent_covered": 0.0, "percent_covered_display": "0", "missing_lines": 7, "excluded_lines": 0}, "missing_lines": [632, 634, 658, 663, 664, 666, 672], "excluded_lines": []}, "GraphRAGClient.query_legal_research": {"executed_lines": [723, 725, 735, 738, 739, 741, 746], "summary": {"covered_lines": 7, "num_statements": 13, "percent_covered": 53.84615384615385, "percent_covered_display": "54", "missing_lines": 6, "excluded_lines": 0}, "missing_lines": [736, 747, 750, 751, 753, 758], "excluded_lines": []}, "GraphRAGClient.find_similar_cases": {"executed_lines": [], "summary": {"covered_lines": 0, "num_statements": 5, "percent_covered": 0.0, "percent_covered_display": "0", "missing_lines": 5, "excluded_lines": 0}, "missing_lines": [792, 794, 802, 809, 813], "excluded_lines": []}, "GraphRAGClient.search_precedents": {"executed_lines": [], "summary": {"covered_lines": 0, "num_statements": 9, "percent_covered": 0.0, "percent_covered_display": "0", "missing_lines": 9, "excluded_lines": 0}, "missing_lines": [847, 849, 850, 851, 852, 854, 863, 868, 870], "excluded_lines": []}, "GraphRAGClient.get_graph_stats": {"executed_lines": [904, 905, 906, 907, 908, 909, 910, 912, 914, 915, 918, 929], "summary": {"covered_lines": 12, "num_statements": 12, "percent_covered": 100.0, "percent_covered_display": "100", "missing_lines": 0, "excluded_lines": 0}, "missing_lines": [], "excluded_lines": []}, "GraphRAGClient.health_check": {"executed_lines": [945, 946, 947, 949, 950], "summary": {"covered_lines": 5, "num_statements": 8, "percent_covered": 62.5, "percent_covered_display": "62", "missing_lines": 3, "excluded_lines": 0}, "missing_lines": [952, 953, 954], "excluded_lines": []}, "GraphRAGClient.get_visualization_data": {"executed_lines": [], "summary": {"covered_lines": 0, "num_statements": 9, "percent_covered": 0.0, "percent_covered_display": "0", "missing_lines": 9, "excluded_lines": 0}, "missing_lines": [992, 994, 995, 997, 998, 999, 1001, 1006, 1012], "excluded_lines": []}, "create_graphrag_client": {"executed_lines": [1047], "summary": {"covered_lines": 1, "num_statements": 1, "percent_covered": 100.0, "percent_covered_display": "100", "missing_lines": 0, "excluded_lines": 0}, "missing_lines": [], "excluded_lines": []}, "": {"executed_lines": [1, 18, 19, 20, 21, 22, 23, 24, 27, 35, 36, 38, 39, 40, 41, 42, 43, 44, 45, 47, 48, 49, 54, 55, 57, 58, 59, 60, 61, 62, 63, 64, 67, 68, 70, 71, 72, 73, 74, 75, 76, 77, 78, 81, 82, 84, 85, 86, 87, 88, 89, 90, 91, 92, 95, 96, 98, 99, 100, 101, 102, 103, 104, 105, 108, 109, 111, 112, 113, 114, 115, 116, 117, 118, 119, 120, 128, 129, 164, 200, 204, 208, 217, 278, 301, 395, 455, 515, 570, 678, 760, 815, 876, 931, 960, 1020], "summary": {"covered_lines": 88, "num_statements": 88, "percent_covered": 100.0, "percent_covered_display": "100", "missing_lines": 0, "excluded_lines": 0}, "missing_lines": [], "excluded_lines": []}}, "classes": {"GraphEntity": {"executed_lines": [51], "summary": {"covered_lines": 1, "num_statements": 1, "percent_covered": 100.0, "percent_covered_display": "100", "missing_lines": 0, "excluded_lines": 0}, "missing_lines": [], "excluded_lines": []}, "GraphRelationship": {"executed_lines": [], "summary": {"covered_lines": 0, "num_statements": 0, "percent_covered": 100.0, "percent_covered_display": "100", "missing_lines": 0, "excluded_lines": 0}, "missing_lines": [], "excluded_lines": []}, "GraphCommunity": {"executed_lines": [], "summary": {"covered_lines": 0, "num_statements": 0, "percent_covered": 100.0, "percent_covered_display": "100", "missing_lines": 0, "excluded_lines": 0}, "missing_lines": [], "excluded_lines": []}, "GraphQueryResponse": {"executed_lines": [], "summary": {"covered_lines": 0, "num_statements": 0, "percent_covered": 100.0, "percent_covered_display": "100", "missing_lines": 0, "excluded_lines": 0}, "missing_lines": [], "excluded_lines": []}, "GraphStats": {"executed_lines": [], "summary": {"covered_lines": 0, "num_statements": 0, "percent_covered": 100.0, "percent_covered_display": "100", "missing_lines": 0, "excluded_lines": 0}, "missing_lines": [], "excluded_lines": []}, "GraphBuildResponse": {"executed_lines": [], "summary": {"covered_lines": 0, "num_statements": 0, "percent_covered": 100.0, "percent_covered_display": "100", "missing_lines": 0, "excluded_lines": 0}, "missing_lines": [], "excluded_lines": []}, "GraphRAGClient": {"executed_lines": [180, 181, 182, 183, 186, 191, 202, 206, 210, 211, 241, 243, 244, 245, 246, 247, 254, 255, 257, 271, 273, 276, 289, 290, 294, 295, 353, 355, 357, 367, 370, 375, 430, 723, 725, 735, 738, 739, 741, 746, 904, 905, 906, 907, 908, 909, 910, 912, 914, 915, 918, 929, 945, 946, 947, 949, 950], "summary": {"covered_lines": 57, "num_statements": 141, "percent_covered": 40.42553191489362, "percent_covered_display": "40", "missing_lines": 84, "excluded_lines": 0}, "missing_lines": [248, 249, 251, 259, 260, 261, 265, 266, 268, 269, 368, 376, 379, 380, 383, 387, 388, 393, 432, 438, 439, 441, 443, 449, 450, 452, 453, 487, 490, 499, 500, 502, 507, 508, 510, 512, 513, 548, 550, 560, 562, 563, 565, 567, 568, 632, 634, 658, 663, 664, 666, 672, 736, 747, 750, 751, 753, 758, 792, 794, 802, 809, 813, 847, 849, 850, 851, 852, 854, 863, 868, 870, 952, 953, 954, 992, 994, 995, 997, 998, 999, 1001, 1006, 1012], "excluded_lines": []}, "": {"executed_lines": [1, 18, 19, 20, 21, 22, 23, 24, 27, 35, 36, 38, 39, 40, 41, 42, 43, 44, 45, 47, 48, 49, 54, 55, 57, 58, 59, 60, 61, 62, 63, 64, 67, 68, 70, 71, 72, 73, 74, 75, 76, 77, 78, 81, 82, 84, 85, 86, 87, 88, 89, 90, 91, 92, 95, 96, 98, 99, 100, 101, 102, 103, 104, 105, 108, 109, 111, 112, 113, 114, 115, 116, 117, 118, 119, 120, 128, 129, 164, 200, 204, 208, 217, 278, 301, 395, 455, 515, 570, 678, 760, 815, 876, 931, 960, 1020, 1047], "summary": {"covered_lines": 89, "num_statements": 89, "percent_covered": 100.0, "percent_covered_display": "100", "missing_lines": 0, "excluded_lines": 0}, "missing_lines": [], "excluded_lines": []}}}, "src/clients/supabase_client.py": {"executed_lines": [1, 9, 10, 11, 12, 15, 16, 17, 18, 19, 20, 23, 25, 26, 27, 29, 30, 32, 33, 35, 39, 40, 43, 44, 45, 48, 49, 50, 51, 52, 93, 94, 101, 102, 103, 106, 107, 108, 109, 112, 115, 116, 117, 120, 121, 122, 125, 126, 127, 128, 131, 132, 133, 134, 137, 138, 139, 142, 143, 145, 152, 153, 156, 158, 160, 163, 164, 165, 166, 167, 169, 170, 192, 202, 203, 204, 205, 208, 209, 210, 213, 216, 217, 218, 221, 222, 223, 226, 227, 230, 231, 233, 234, 235, 236, 238, 242, 245, 247, 248, 252, 254, 255, 259, 262, 272, 291, 314, 334, 354, 357, 358, 380, 396, 405, 414, 422, 432, 434, 435, 439, 441, 444, 445, 446, 449, 455, 458, 459, 460, 462, 464, 465, 466, 467, 469, 470, 472, 473, 493, 495, 511, 512, 513, 514, 516, 529, 532, 551, 564, 587, 600, 682, 737, 743, 751, 755, 759, 764, 769, 823, 843, 875, 953, 982, 984, 992, 994, 1008, 1010, 1013, 1016, 1017, 1018, 1022, 1024, 1031, 1035, 1036, 1043, 1056, 1058, 1063, 1066, 1067, 1070, 1071, 1072, 1077, 1092, 1094, 1096, 1097, 1098, 1099, 1102, 1112, 1133, 1135, 1142, 1144, 1158, 1206, 1229, 1230, 1238, 1270, 1272, 1278, 1328, 1329, 1334, 1348, 1349, 1350, 1352, 1365, 1372, 1377, 1378, 1380, 1387, 1388, 1389, 1390, 1392, 1407, 1416, 1429, 1439, 1448, 1464, 1465, 1470, 1479, 1480, 1481, 1482, 1483, 1484, 1485, 1486, 1490, 1492, 1493, 1495, 1500, 1505, 1510, 1515, 1520, 1525, 1530, 1544, 1546, 1547, 1549, 1554, 1559, 1566, 1583, 1588, 1593, 1604, 1609, 1611, 1612, 1616, 1629, 1631, 1633, 1645, 1646, 1647, 1649, 1650, 1651, 1653, 1655, 1657, 1659, 1661, 1663, 1665, 1667, 1668, 1678, 1679, 1681, 1684, 1686, 1688, 1691, 1693, 1694, 1697, 1707, 1715, 1716, 1718, 1733, 1738, 1763, 1764, 1766, 1781, 1786, 1791, 1796, 1801, 1806, 1811, 1855, 1856, 1858, 1871, 1876, 1881, 1886, 1891, 1931, 1932, 1934, 1951, 1956, 1961, 1994, 1995, 2002, 2026, 2058, 2077, 2111, 2136, 2152, 2177, 2208, 2256, 2263, 2281, 2294, 2308, 2326, 2327, 2329, 2336], "summary": {"covered_lines": 335, "num_statements": 887, "percent_covered": 37.767756482525364, "percent_covered_display": "38", "missing_lines": 552, "excluded_lines": 0}, "missing_lines": [34, 36, 55, 57, 58, 59, 60, 61, 62, 63, 64, 65, 67, 68, 69, 70, 72, 73, 75, 76, 77, 78, 79, 80, 81, 82, 83, 85, 86, 87, 88, 157, 159, 161, 264, 265, 266, 267, 270, 285, 286, 287, 289, 306, 308, 309, 312, 324, 326, 327, 329, 330, 331, 332, 337, 339, 340, 341, 342, 343, 344, 351, 352, 361, 362, 365, 366, 369, 370, 373, 374, 378, 382, 383, 384, 397, 398, 399, 403, 406, 407, 408, 412, 415, 416, 420, 433, 437, 450, 479, 480, 483, 484, 487, 489, 490, 496, 497, 500, 501, 502, 508, 509, 517, 518, 527, 528, 535, 537, 538, 539, 540, 541, 542, 543, 544, 545, 546, 547, 548, 549, 553, 556, 558, 559, 560, 561, 562, 566, 569, 571, 572, 574, 575, 576, 578, 579, 580, 581, 582, 583, 584, 585, 589, 591, 592, 593, 594, 595, 596, 597, 598, 632, 635, 637, 640, 643, 644, 645, 651, 653, 654, 656, 657, 659, 660, 661, 663, 664, 665, 666, 673, 677, 684, 686, 687, 688, 691, 692, 693, 697, 698, 699, 701, 703, 705, 707, 708, 709, 711, 715, 721, 723, 732, 733, 735, 739, 740, 741, 745, 746, 747, 748, 753, 757, 761, 762, 766, 795, 798, 800, 804, 805, 808, 811, 813, 818, 820, 840, 869, 870, 871, 873, 950, 961, 962, 968, 970, 971, 972, 973, 974, 979, 985, 996, 997, 1004, 1011, 1019, 1020, 1032, 1079, 1080, 1082, 1084, 1086, 1087, 1088, 1095, 1100, 1104, 1105, 1108, 1109, 1110, 1114, 1122, 1125, 1126, 1128, 1136, 1146, 1149, 1150, 1155, 1156, 1161, 1164, 1165, 1166, 1167, 1168, 1170, 1209, 1210, 1213, 1214, 1217, 1218, 1219, 1220, 1223, 1224, 1226, 1232, 1233, 1234, 1235, 1236, 1315, 1317, 1374, 1421, 1431, 1441, 1454, 1497, 1498, 1502, 1503, 1507, 1508, 1512, 1513, 1517, 1518, 1522, 1523, 1527, 1528, 1541, 1542, 1551, 1552, 1556, 1557, 1561, 1562, 1580, 1581, 1585, 1586, 1590, 1591, 1601, 1602, 1606, 1607, 1639, 1652, 1654, 1656, 1658, 1660, 1662, 1664, 1666, 1669, 1670, 1671, 1672, 1673, 1674, 1675, 1682, 1683, 1685, 1687, 1689, 1690, 1692, 1700, 1704, 1726, 1727, 1728, 1729, 1730, 1731, 1735, 1736, 1740, 1742, 1743, 1745, 1747, 1749, 1753, 1755, 1774, 1775, 1776, 1777, 1778, 1779, 1783, 1784, 1788, 1789, 1793, 1794, 1798, 1799, 1803, 1804, 1808, 1809, 1813, 1815, 1816, 1818, 1821, 1822, 1823, 1824, 1826, 1827, 1828, 1829, 1830, 1831, 1832, 1833, 1834, 1835, 1836, 1837, 1839, 1841, 1845, 1847, 1865, 1866, 1867, 1868, 1869, 1873, 1874, 1878, 1879, 1883, 1884, 1888, 1889, 1893, 1895, 1896, 1898, 1901, 1902, 1903, 1904, 1906, 1907, 1908, 1909, 1910, 1911, 1912, 1913, 1915, 1917, 1921, 1923, 1943, 1944, 1945, 1946, 1947, 1948, 1949, 1953, 1954, 1958, 1959, 1963, 1965, 1966, 1972, 1978, 1980, 1984, 1986, 2016, 2017, 2018, 2019, 2020, 2021, 2022, 2023, 2024, 2050, 2051, 2052, 2053, 2054, 2055, 2056, 2073, 2074, 2075, 2101, 2102, 2103, 2107, 2108, 2109, 2132, 2133, 2134, 2149, 2150, 2172, 2173, 2174, 2175, 2192, 2193, 2195, 2196, 2197, 2198, 2199, 2200, 2201, 2202, 2203, 2204, 2206, 2210, 2211, 2212, 2213, 2216, 2217, 2218, 2221, 2222, 2223, 2225, 2227, 2228, 2229, 2230, 2231, 2234, 2240, 2242, 2251, 2252, 2254, 2258, 2259, 2261, 2265, 2266, 2273, 2274, 2276, 2277, 2279, 2283, 2284, 2285, 2292, 2296, 2297, 2298, 2302, 2304, 2355], "excluded_lines": [], "functions": {"SupabaseSettings.__init__": {"executed_lines": [153, 156, 158, 160, 163, 164, 165, 166, 167], "summary": {"covered_lines": 9, "num_statements": 12, "percent_covered": 75.0, "percent_covered_display": "75", "missing_lines": 3, "excluded_lines": 0}, "missing_lines": [157, 159, 161], "excluded_lines": []}, "SupabaseClient.__init__": {"executed_lines": [202, 203, 204, 205, 208, 209, 210, 213, 216, 217, 218, 221, 222, 223, 226, 227, 230, 231, 233, 234, 235, 236], "summary": {"covered_lines": 22, "num_statements": 22, "percent_covered": 100.0, "percent_covered_display": "100", "missing_lines": 0, "excluded_lines": 0}, "missing_lines": [], "excluded_lines": []}, "SupabaseClient._create_clients": {"executed_lines": [242, 245, 247, 248, 252, 254, 255, 259, 262], "summary": {"covered_lines": 9, "num_statements": 14, "percent_covered": 64.28571428571429, "percent_covered_display": "64", "missing_lines": 5, "excluded_lines": 0}, "missing_lines": [264, 265, 266, 267, 270], "excluded_lines": []}, "SupabaseClient._get_schema_and_table": {"executed_lines": [], "summary": {"covered_lines": 0, "num_statements": 4, "percent_covered": 0.0, "percent_covered_display": "0", "missing_lines": 4, "excluded_lines": 0}, "missing_lines": [285, 286, 287, 289], "excluded_lines": []}, "SupabaseClient._convert_table_name": {"executed_lines": [], "summary": {"covered_lines": 0, "num_statements": 4, "percent_covered": 0.0, "percent_covered_display": "0", "missing_lines": 4, "excluded_lines": 0}, "missing_lines": [306, 308, 309, 312], "excluded_lines": []}, "SupabaseClient._extract_schema": {"executed_lines": [], "summary": {"covered_lines": 0, "num_statements": 7, "percent_covered": 0.0, "percent_covered_display": "0", "missing_lines": 7, "excluded_lines": 0}, "missing_lines": [324, 326, 327, 329, 330, 331, 332], "excluded_lines": []}, "SupabaseClient._with_timeout": {"executed_lines": [], "summary": {"covered_lines": 0, "num_statements": 9, "percent_covered": 0.0, "percent_covered_display": "0", "missing_lines": 9, "excluded_lines": 0}, "missing_lines": [337, 339, 340, 341, 342, 343, 344, 351, 352], "excluded_lines": []}, "SupabaseClient._get_operation_timeout": {"executed_lines": [357, 358], "summary": {"covered_lines": 2, "num_statements": 11, "percent_covered": 18.181818181818183, "percent_covered_display": "18", "missing_lines": 9, "excluded_lines": 0}, "missing_lines": [361, 362, 365, 366, 369, 370, 373, 374, 378], "excluded_lines": []}, "SupabaseClient._retry_backoff": {"executed_lines": [], "summary": {"covered_lines": 0, "num_statements": 2, "percent_covered": 0.0, "percent_covered_display": "0", "missing_lines": 2, "excluded_lines": 0}, "missing_lines": [382, 384], "excluded_lines": []}, "SupabaseClient._retry_backoff.giveup": {"executed_lines": [], "summary": {"covered_lines": 0, "num_statements": 1, "percent_covered": 0.0, "percent_covered_display": "0", "missing_lines": 1, "excluded_lines": 0}, "missing_lines": [383], "excluded_lines": []}, "SupabaseClient._on_backoff": {"executed_lines": [], "summary": {"covered_lines": 0, "num_statements": 2, "percent_covered": 0.0, "percent_covered_display": "0", "missing_lines": 2, "excluded_lines": 0}, "missing_lines": [397, 403], "excluded_lines": []}, "SupabaseClient._on_backoff.handler": {"executed_lines": [], "summary": {"covered_lines": 0, "num_statements": 2, "percent_covered": 0.0, "percent_covered_display": "0", "missing_lines": 2, "excluded_lines": 0}, "missing_lines": [398, 399], "excluded_lines": []}, "SupabaseClient._on_giveup": {"executed_lines": [], "summary": {"covered_lines": 0, "num_statements": 2, "percent_covered": 0.0, "percent_covered_display": "0", "missing_lines": 2, "excluded_lines": 0}, "missing_lines": [406, 412], "excluded_lines": []}, "SupabaseClient._on_giveup.handler": {"executed_lines": [], "summary": {"covered_lines": 0, "num_statements": 2, "percent_covered": 0.0, "percent_covered_display": "0", "missing_lines": 2, "excluded_lines": 0}, "missing_lines": [407, 408], "excluded_lines": []}, "SupabaseClient._on_success": {"executed_lines": [], "summary": {"covered_lines": 0, "num_statements": 2, "percent_covered": 0.0, "percent_covered_display": "0", "missing_lines": 2, "excluded_lines": 0}, "missing_lines": [415, 420], "excluded_lines": []}, "SupabaseClient._on_success.handler": {"executed_lines": [], "summary": {"covered_lines": 0, "num_statements": 1, "percent_covered": 0.0, "percent_covered_display": "0", "missing_lines": 1, "excluded_lines": 0}, "missing_lines": [416], "excluded_lines": []}, "SupabaseClient._get_client": {"executed_lines": [432, 434, 435], "summary": {"covered_lines": 3, "num_statements": 5, "percent_covered": 60.0, "percent_covered_display": "60", "missing_lines": 2, "excluded_lines": 0}, "missing_lines": [433, 437], "excluded_lines": []}, "SupabaseClient._execute": {"executed_lines": [441, 444, 445, 446, 449, 455, 458, 459, 460, 462, 464, 465, 466, 467, 469, 470, 472, 473, 493, 495, 511, 512, 513, 514, 516, 529], "summary": {"covered_lines": 26, "num_statements": 45, "percent_covered": 57.77777777777778, "percent_covered_display": "58", "missing_lines": 19, "excluded_lines": 0}, "missing_lines": [450, 479, 480, 483, 484, 487, 489, 490, 496, 497, 500, 501, 502, 508, 509, 517, 518, 527, 528], "excluded_lines": []}, "SupabaseClient.get": {"executed_lines": [], "summary": {"covered_lines": 0, "num_statements": 3, "percent_covered": 0.0, "percent_covered_display": "0", "missing_lines": 3, "excluded_lines": 0}, "missing_lines": [535, 537, 549], "excluded_lines": []}, "SupabaseClient.get.op": {"executed_lines": [], "summary": {"covered_lines": 0, "num_statements": 11, "percent_covered": 0.0, "percent_covered_display": "0", "missing_lines": 11, "excluded_lines": 0}, "missing_lines": [538, 539, 540, 541, 542, 543, 544, 545, 546, 547, 548], "excluded_lines": []}, "SupabaseClient.insert": {"executed_lines": [], "summary": {"covered_lines": 0, "num_statements": 4, "percent_covered": 0.0, "percent_covered_display": "0", "missing_lines": 4, "excluded_lines": 0}, "missing_lines": [553, 556, 558, 562], "excluded_lines": []}, "SupabaseClient.insert.op": {"executed_lines": [], "summary": {"covered_lines": 0, "num_statements": 3, "percent_covered": 0.0, "percent_covered_display": "0", "missing_lines": 3, "excluded_lines": 0}, "missing_lines": [559, 560, 561], "excluded_lines": []}, "SupabaseClient.update": {"executed_lines": [], "summary": {"covered_lines": 0, "num_statements": 9, "percent_covered": 0.0, "percent_covered_display": "0", "missing_lines": 9, "excluded_lines": 0}, "missing_lines": [566, 569, 571, 572, 574, 575, 576, 578, 585], "excluded_lines": []}, "SupabaseClient.update.op": {"executed_lines": [], "summary": {"covered_lines": 0, "num_statements": 6, "percent_covered": 0.0, "percent_covered_display": "0", "missing_lines": 6, "excluded_lines": 0}, "missing_lines": [579, 580, 581, 582, 583, 584], "excluded_lines": []}, "SupabaseClient.delete": {"executed_lines": [], "summary": {"covered_lines": 0, "num_statements": 3, "percent_covered": 0.0, "percent_covered_display": "0", "missing_lines": 3, "excluded_lines": 0}, "missing_lines": [589, 591, 598], "excluded_lines": []}, "SupabaseClient.delete.op": {"executed_lines": [], "summary": {"covered_lines": 0, "num_statements": 6, "percent_covered": 0.0, "percent_covered_display": "0", "missing_lines": 6, "excluded_lines": 0}, "missing_lines": [592, 593, 594, 595, 596, 597], "excluded_lines": []}, "SupabaseClient.upsert": {"executed_lines": [], "summary": {"covered_lines": 0, "num_statements": 15, "percent_covered": 0.0, "percent_covered_display": "0", "missing_lines": 15, "excluded_lines": 0}, "missing_lines": [632, 635, 637, 640, 643, 644, 645, 651, 653, 663, 664, 665, 666, 673, 677], "excluded_lines": []}, "SupabaseClient.upsert.op": {"executed_lines": [], "summary": {"covered_lines": 0, "num_statements": 6, "percent_covered": 0.0, "percent_covered_display": "0", "missing_lines": 6, "excluded_lines": 0}, "missing_lines": [654, 656, 657, 659, 660, 661], "excluded_lines": []}, "SupabaseClient.upload_file": {"executed_lines": [], "summary": {"covered_lines": 0, "num_statements": 2, "percent_covered": 0.0, "percent_covered_display": "0", "missing_lines": 2, "excluded_lines": 0}, "missing_lines": [684, 735], "excluded_lines": []}, "SupabaseClient.upload_file.op": {"executed_lines": [], "summary": {"covered_lines": 0, "num_statements": 21, "percent_covered": 0.0, "percent_covered_display": "0", "missing_lines": 21, "excluded_lines": 0}, "missing_lines": [686, 687, 688, 691, 692, 693, 697, 698, 699, 701, 703, 705, 707, 708, 709, 711, 715, 721, 723, 732, 733], "excluded_lines": []}, "SupabaseClient.download_file": {"executed_lines": [], "summary": {"covered_lines": 0, "num_statements": 2, "percent_covered": 0.0, "percent_covered_display": "0", "missing_lines": 2, "excluded_lines": 0}, "missing_lines": [739, 741], "excluded_lines": []}, "SupabaseClient.download_file.op": {"executed_lines": [], "summary": {"covered_lines": 0, "num_statements": 1, "percent_covered": 0.0, "percent_covered_display": "0", "missing_lines": 1, "excluded_lines": 0}, "missing_lines": [740], "excluded_lines": []}, "SupabaseClient.delete_file": {"executed_lines": [], "summary": {"covered_lines": 0, "num_statements": 2, "percent_covered": 0.0, "percent_covered_display": "0", "missing_lines": 2, "excluded_lines": 0}, "missing_lines": [745, 748], "excluded_lines": []}, "SupabaseClient.delete_file.op": {"executed_lines": [], "summary": {"covered_lines": 0, "num_statements": 2, "percent_covered": 0.0, "percent_covered_display": "0", "missing_lines": 2, "excluded_lines": 0}, "missing_lines": [746, 747], "excluded_lines": []}, "SupabaseClient.storage_delete": {"executed_lines": [], "summary": {"covered_lines": 0, "num_statements": 1, "percent_covered": 0.0, "percent_covered_display": "0", "missing_lines": 1, "excluded_lines": 0}, "missing_lines": [753], "excluded_lines": []}, "SupabaseClient.storage_download": {"executed_lines": [], "summary": {"covered_lines": 0, "num_statements": 1, "percent_covered": 0.0, "percent_covered_display": "0", "missing_lines": 1, "excluded_lines": 0}, "missing_lines": [757], "excluded_lines": []}, "SupabaseClient.select": {"executed_lines": [], "summary": {"covered_lines": 0, "num_statements": 2, "percent_covered": 0.0, "percent_covered_display": "0", "missing_lines": 2, "excluded_lines": 0}, "missing_lines": [761, 762], "excluded_lines": []}, "SupabaseClient.fetch": {"executed_lines": [], "summary": {"covered_lines": 0, "num_statements": 1, "percent_covered": 0.0, "percent_covered_display": "0", "missing_lines": 1, "excluded_lines": 0}, "missing_lines": [766], "excluded_lines": []}, "SupabaseClient.execute_raw_sql": {"executed_lines": [], "summary": {"covered_lines": 0, "num_statements": 2, "percent_covered": 0.0, "percent_covered_display": "0", "missing_lines": 2, "excluded_lines": 0}, "missing_lines": [795, 820], "excluded_lines": []}, "SupabaseClient.execute_raw_sql.op": {"executed_lines": [], "summary": {"covered_lines": 0, "num_statements": 8, "percent_covered": 0.0, "percent_covered_display": "0", "missing_lines": 8, "excluded_lines": 0}, "missing_lines": [798, 800, 804, 805, 808, 811, 813, 818], "excluded_lines": []}, "SupabaseClient.execute_sql": {"executed_lines": [], "summary": {"covered_lines": 0, "num_statements": 1, "percent_covered": 0.0, "percent_covered_display": "0", "missing_lines": 1, "excluded_lines": 0}, "missing_lines": [840], "excluded_lines": []}, "SupabaseClient.rpc": {"executed_lines": [], "summary": {"covered_lines": 0, "num_statements": 2, "percent_covered": 0.0, "percent_covered_display": "0", "missing_lines": 2, "excluded_lines": 0}, "missing_lines": [869, 873], "excluded_lines": []}, "SupabaseClient.rpc.op": {"executed_lines": [], "summary": {"covered_lines": 0, "num_statements": 2, "percent_covered": 0.0, "percent_covered_display": "0", "missing_lines": 2, "excluded_lines": 0}, "missing_lines": [870, 871], "excluded_lines": []}, "SupabaseClient.execute_function": {"executed_lines": [], "summary": {"covered_lines": 0, "num_statements": 1, "percent_covered": 0.0, "percent_covered_display": "0", "missing_lines": 1, "excluded_lines": 0}, "missing_lines": [950], "excluded_lines": []}, "SupabaseClient.update_chunk_vector": {"executed_lines": [], "summary": {"covered_lines": 0, "num_statements": 7, "percent_covered": 0.0, "percent_covered_display": "0", "missing_lines": 7, "excluded_lines": 0}, "missing_lines": [961, 970, 971, 972, 973, 974, 979], "excluded_lines": []}, "SupabaseClient.update_chunk_vector.op": {"executed_lines": [], "summary": {"covered_lines": 0, "num_statements": 2, "percent_covered": 0.0, "percent_covered_display": "0", "missing_lines": 2, "excluded_lines": 0}, "missing_lines": [962, 968], "excluded_lines": []}, "SupabaseClient.log_info": {"executed_lines": [984, 992], "summary": {"covered_lines": 2, "num_statements": 3, "percent_covered": 66.66666666666667, "percent_covered_display": "67", "missing_lines": 1, "excluded_lines": 0}, "missing_lines": [985], "excluded_lines": []}, "SupabaseClient.log_error": {"executed_lines": [], "summary": {"covered_lines": 0, "num_statements": 3, "percent_covered": 0.0, "percent_covered_display": "0", "missing_lines": 3, "excluded_lines": 0}, "missing_lines": [996, 997, 1004], "excluded_lines": []}, "SupabaseClient._is_circuit_open": {"executed_lines": [1010, 1013, 1016, 1017, 1018, 1022], "summary": {"covered_lines": 6, "num_statements": 9, "percent_covered": 66.66666666666667, "percent_covered_display": "67", "missing_lines": 3, "excluded_lines": 0}, "missing_lines": [1011, 1019, 1020], "excluded_lines": []}, "SupabaseClient._record_failure": {"executed_lines": [1031, 1035, 1036, 1043, 1056, 1058, 1063, 1066, 1067, 1070, 1071, 1072], "summary": {"covered_lines": 12, "num_statements": 13, "percent_covered": 92.3076923076923, "percent_covered_display": "92", "missing_lines": 1, "excluded_lines": 0}, "missing_lines": [1032], "excluded_lines": []}, "SupabaseClient._record_success": {"executed_lines": [], "summary": {"covered_lines": 0, "num_statements": 7, "percent_covered": 0.0, "percent_covered_display": "0", "missing_lines": 7, "excluded_lines": 0}, "missing_lines": [1079, 1080, 1082, 1084, 1086, 1087, 1088], "excluded_lines": []}, "SupabaseClient._apply_schema_timeout_multiplier": {"executed_lines": [1094, 1096, 1097, 1098, 1099], "summary": {"covered_lines": 5, "num_statements": 7, "percent_covered": 71.42857142857143, "percent_covered_display": "71", "missing_lines": 2, "excluded_lines": 0}, "missing_lines": [1095, 1100], "excluded_lines": []}, "SupabaseClient._track_operation_latency": {"executed_lines": [], "summary": {"covered_lines": 0, "num_statements": 5, "percent_covered": 0.0, "percent_covered_display": "0", "missing_lines": 5, "excluded_lines": 0}, "missing_lines": [1104, 1105, 1108, 1109, 1110], "excluded_lines": []}, "SupabaseClient._log_slow_query": {"executed_lines": [], "summary": {"covered_lines": 0, "num_statements": 5, "percent_covered": 0.0, "percent_covered_display": "0", "missing_lines": 5, "excluded_lines": 0}, "missing_lines": [1114, 1122, 1125, 1126, 1128], "excluded_lines": []}, "SupabaseClient.log_warning": {"executed_lines": [1135, 1142], "summary": {"covered_lines": 2, "num_statements": 3, "percent_covered": 66.66666666666667, "percent_covered_display": "67", "missing_lines": 1, "excluded_lines": 0}, "missing_lines": [1136], "excluded_lines": []}, "SupabaseClient.close": {"executed_lines": [], "summary": {"covered_lines": 0, "num_statements": 5, "percent_covered": 0.0, "percent_covered_display": "0", "missing_lines": 5, "excluded_lines": 0}, "missing_lines": [1146, 1149, 1150, 1155, 1156], "excluded_lines": []}, "SupabaseClient.get_health_info": {"executed_lines": [], "summary": {"covered_lines": 0, "num_statements": 7, "percent_covered": 0.0, "percent_covered_display": "0", "missing_lines": 7, "excluded_lines": 0}, "missing_lines": [1161, 1164, 1165, 1166, 1167, 1168, 1170], "excluded_lines": []}, "SupabaseClient._is_healthy": {"executed_lines": [], "summary": {"covered_lines": 0, "num_statements": 11, "percent_covered": 0.0, "percent_covered_display": "0", "missing_lines": 11, "excluded_lines": 0}, "missing_lines": [1209, 1210, 1213, 1214, 1217, 1218, 1219, 1220, 1223, 1224, 1226], "excluded_lines": []}, "SupabaseClient.map_exception_to_status": {"executed_lines": [], "summary": {"covered_lines": 0, "num_statements": 5, "percent_covered": 0.0, "percent_covered_display": "0", "missing_lines": 5, "excluded_lines": 0}, "missing_lines": [1232, 1233, 1234, 1235, 1236], "excluded_lines": []}, "SupabaseClient.schema": {"executed_lines": [1270, 1272], "summary": {"covered_lines": 2, "num_statements": 2, "percent_covered": 100.0, "percent_covered_display": "100", "missing_lines": 0, "excluded_lines": 0}, "missing_lines": [], "excluded_lines": []}, "SupabaseClient.storage": {"executed_lines": [], "summary": {"covered_lines": 0, "num_statements": 2, "percent_covered": 0.0, "percent_covered_display": "0", "missing_lines": 2, "excluded_lines": 0}, "missing_lines": [1315, 1317], "excluded_lines": []}, "QueryBuilder.__init__": {"executed_lines": [1348, 1349, 1350], "summary": {"covered_lines": 3, "num_statements": 3, "percent_covered": 100.0, "percent_covered_display": "100", "missing_lines": 0, "excluded_lines": 0}, "missing_lines": [], "excluded_lines": []}, "QueryBuilder.table": {"executed_lines": [1365], "summary": {"covered_lines": 1, "num_statements": 1, "percent_covered": 100.0, "percent_covered_display": "100", "missing_lines": 0, "excluded_lines": 0}, "missing_lines": [], "excluded_lines": []}, "QueryBuilder.from_": {"executed_lines": [], "summary": {"covered_lines": 0, "num_statements": 1, "percent_covered": 0.0, "percent_covered_display": "0", "missing_lines": 1, "excluded_lines": 0}, "missing_lines": [1374], "excluded_lines": []}, "TableQueryBuilder.__init__": {"executed_lines": [1387, 1388, 1389, 1390], "summary": {"covered_lines": 4, "num_statements": 4, "percent_covered": 100.0, "percent_covered_display": "100", "missing_lines": 0, "excluded_lines": 0}, "missing_lines": [], "excluded_lines": []}, "TableQueryBuilder.select": {"executed_lines": [1407], "summary": {"covered_lines": 1, "num_statements": 1, "percent_covered": 100.0, "percent_covered_display": "100", "missing_lines": 0, "excluded_lines": 0}, "missing_lines": [], "excluded_lines": []}, "TableQueryBuilder.insert": {"executed_lines": [], "summary": {"covered_lines": 0, "num_statements": 1, "percent_covered": 0.0, "percent_covered_display": "0", "missing_lines": 1, "excluded_lines": 0}, "missing_lines": [1421], "excluded_lines": []}, "TableQueryBuilder.update": {"executed_lines": [], "summary": {"covered_lines": 0, "num_statements": 1, "percent_covered": 0.0, "percent_covered_display": "0", "missing_lines": 1, "excluded_lines": 0}, "missing_lines": [1431], "excluded_lines": []}, "TableQueryBuilder.delete": {"executed_lines": [], "summary": {"covered_lines": 0, "num_statements": 1, "percent_covered": 0.0, "percent_covered_display": "0", "missing_lines": 1, "excluded_lines": 0}, "missing_lines": [1441], "excluded_lines": []}, "TableQueryBuilder.upsert": {"executed_lines": [], "summary": {"covered_lines": 0, "num_statements": 1, "percent_covered": 0.0, "percent_covered_display": "0", "missing_lines": 1, "excluded_lines": 0}, "missing_lines": [1454], "excluded_lines": []}, "SelectQueryBuilder.__init__": {"executed_lines": [1479, 1480, 1481, 1482, 1483, 1484, 1485, 1486], "summary": {"covered_lines": 8, "num_statements": 8, "percent_covered": 100.0, "percent_covered_display": "100", "missing_lines": 0, "excluded_lines": 0}, "missing_lines": [], "excluded_lines": []}, "SelectQueryBuilder.eq": {"executed_lines": [1492, 1493], "summary": {"covered_lines": 2, "num_statements": 2, "percent_covered": 100.0, "percent_covered_display": "100", "missing_lines": 0, "excluded_lines": 0}, "missing_lines": [], "excluded_lines": []}, "SelectQueryBuilder.neq": {"executed_lines": [], "summary": {"covered_lines": 0, "num_statements": 2, "percent_covered": 0.0, "percent_covered_display": "0", "missing_lines": 2, "excluded_lines": 0}, "missing_lines": [1497, 1498], "excluded_lines": []}, "SelectQueryBuilder.gt": {"executed_lines": [], "summary": {"covered_lines": 0, "num_statements": 2, "percent_covered": 0.0, "percent_covered_display": "0", "missing_lines": 2, "excluded_lines": 0}, "missing_lines": [1502, 1503], "excluded_lines": []}, "SelectQueryBuilder.gte": {"executed_lines": [], "summary": {"covered_lines": 0, "num_statements": 2, "percent_covered": 0.0, "percent_covered_display": "0", "missing_lines": 2, "excluded_lines": 0}, "missing_lines": [1507, 1508], "excluded_lines": []}, "SelectQueryBuilder.lt": {"executed_lines": [], "summary": {"covered_lines": 0, "num_statements": 2, "percent_covered": 0.0, "percent_covered_display": "0", "missing_lines": 2, "excluded_lines": 0}, "missing_lines": [1512, 1513], "excluded_lines": []}, "SelectQueryBuilder.lte": {"executed_lines": [], "summary": {"covered_lines": 0, "num_statements": 2, "percent_covered": 0.0, "percent_covered_display": "0", "missing_lines": 2, "excluded_lines": 0}, "missing_lines": [1517, 1518], "excluded_lines": []}, "SelectQueryBuilder.like": {"executed_lines": [], "summary": {"covered_lines": 0, "num_statements": 2, "percent_covered": 0.0, "percent_covered_display": "0", "missing_lines": 2, "excluded_lines": 0}, "missing_lines": [1522, 1523], "excluded_lines": []}, "SelectQueryBuilder.ilike": {"executed_lines": [], "summary": {"covered_lines": 0, "num_statements": 2, "percent_covered": 0.0, "percent_covered_display": "0", "missing_lines": 2, "excluded_lines": 0}, "missing_lines": [1527, 1528], "excluded_lines": []}, "SelectQueryBuilder.is_": {"executed_lines": [], "summary": {"covered_lines": 0, "num_statements": 2, "percent_covered": 0.0, "percent_covered_display": "0", "missing_lines": 2, "excluded_lines": 0}, "missing_lines": [1541, 1542], "excluded_lines": []}, "SelectQueryBuilder.in_": {"executed_lines": [1546, 1547], "summary": {"covered_lines": 2, "num_statements": 2, "percent_covered": 100.0, "percent_covered_display": "100", "missing_lines": 0, "excluded_lines": 0}, "missing_lines": [], "excluded_lines": []}, "SelectQueryBuilder.contains": {"executed_lines": [], "summary": {"covered_lines": 0, "num_statements": 2, "percent_covered": 0.0, "percent_covered_display": "0", "missing_lines": 2, "excluded_lines": 0}, "missing_lines": [1551, 1552], "excluded_lines": []}, "SelectQueryBuilder.contained_by": {"executed_lines": [], "summary": {"covered_lines": 0, "num_statements": 2, "percent_covered": 0.0, "percent_covered_display": "0", "missing_lines": 2, "excluded_lines": 0}, "missing_lines": [1556, 1557], "excluded_lines": []}, "SelectQueryBuilder.range_": {"executed_lines": [], "summary": {"covered_lines": 0, "num_statements": 2, "percent_covered": 0.0, "percent_covered_display": "0", "missing_lines": 2, "excluded_lines": 0}, "missing_lines": [1561, 1562], "excluded_lines": []}, "SelectQueryBuilder.order": {"executed_lines": [], "summary": {"covered_lines": 0, "num_statements": 2, "percent_covered": 0.0, "percent_covered_display": "0", "missing_lines": 2, "excluded_lines": 0}, "missing_lines": [1580, 1581], "excluded_lines": []}, "SelectQueryBuilder.limit": {"executed_lines": [], "summary": {"covered_lines": 0, "num_statements": 2, "percent_covered": 0.0, "percent_covered_display": "0", "missing_lines": 2, "excluded_lines": 0}, "missing_lines": [1585, 1586], "excluded_lines": []}, "SelectQueryBuilder.offset": {"executed_lines": [], "summary": {"covered_lines": 0, "num_statements": 2, "percent_covered": 0.0, "percent_covered_display": "0", "missing_lines": 2, "excluded_lines": 0}, "missing_lines": [1590, 1591], "excluded_lines": []}, "SelectQueryBuilder.range": {"executed_lines": [], "summary": {"covered_lines": 0, "num_statements": 2, "percent_covered": 0.0, "percent_covered_display": "0", "missing_lines": 2, "excluded_lines": 0}, "missing_lines": [1601, 1602], "excluded_lines": []}, "SelectQueryBuilder.single": {"executed_lines": [], "summary": {"covered_lines": 0, "num_statements": 2, "percent_covered": 0.0, "percent_covered_display": "0", "missing_lines": 2, "excluded_lines": 0}, "missing_lines": [1606, 1607], "excluded_lines": []}, "SelectQueryBuilder.maybe_single": {"executed_lines": [1611, 1612], "summary": {"covered_lines": 2, "num_statements": 2, "percent_covered": 100.0, "percent_covered_display": "100", "missing_lines": 0, "excluded_lines": 0}, "missing_lines": [], "excluded_lines": []}, "SelectQueryBuilder.execute": {"executed_lines": [1629, 1707], "summary": {"covered_lines": 2, "num_statements": 2, "percent_covered": 100.0, "percent_covered_display": "100", "missing_lines": 0, "excluded_lines": 0}, "missing_lines": [], "excluded_lines": []}, "SelectQueryBuilder.execute.query_fn": {"executed_lines": [1631, 1633, 1645, 1646, 1647, 1649, 1650, 1651, 1653, 1655, 1657, 1659, 1661, 1663, 1665, 1667, 1668, 1678, 1679, 1681, 1684, 1686, 1688, 1691, 1693, 1694, 1697], "summary": {"covered_lines": 27, "num_statements": 52, "percent_covered": 51.92307692307692, "percent_covered_display": "52", "missing_lines": 25, "excluded_lines": 0}, "missing_lines": [1639, 1652, 1654, 1656, 1658, 1660, 1662, 1664, 1666, 1669, 1670, 1671, 1672, 1673, 1674, 1675, 1682, 1683, 1685, 1687, 1689, 1690, 1692, 1700, 1704], "excluded_lines": []}, "InsertQueryBuilder.__init__": {"executed_lines": [], "summary": {"covered_lines": 0, "num_statements": 6, "percent_covered": 0.0, "percent_covered_display": "0", "missing_lines": 6, "excluded_lines": 0}, "missing_lines": [1726, 1727, 1728, 1729, 1730, 1731], "excluded_lines": []}, "InsertQueryBuilder.returning": {"executed_lines": [], "summary": {"covered_lines": 0, "num_statements": 2, "percent_covered": 0.0, "percent_covered_display": "0", "missing_lines": 2, "excluded_lines": 0}, "missing_lines": [1735, 1736], "excluded_lines": []}, "InsertQueryBuilder.execute": {"executed_lines": [], "summary": {"covered_lines": 0, "num_statements": 2, "percent_covered": 0.0, "percent_covered_display": "0", "missing_lines": 2, "excluded_lines": 0}, "missing_lines": [1740, 1755], "excluded_lines": []}, "InsertQueryBuilder.execute.query_fn": {"executed_lines": [], "summary": {"covered_lines": 0, "num_statements": 6, "percent_covered": 0.0, "percent_covered_display": "0", "missing_lines": 6, "excluded_lines": 0}, "missing_lines": [1742, 1743, 1745, 1747, 1749, 1753], "excluded_lines": []}, "UpdateQueryBuilder.__init__": {"executed_lines": [], "summary": {"covered_lines": 0, "num_statements": 6, "percent_covered": 0.0, "percent_covered_display": "0", "missing_lines": 6, "excluded_lines": 0}, "missing_lines": [1774, 1775, 1776, 1777, 1778, 1779], "excluded_lines": []}, "UpdateQueryBuilder.eq": {"executed_lines": [], "summary": {"covered_lines": 0, "num_statements": 2, "percent_covered": 0.0, "percent_covered_display": "0", "missing_lines": 2, "excluded_lines": 0}, "missing_lines": [1783, 1784], "excluded_lines": []}, "UpdateQueryBuilder.neq": {"executed_lines": [], "summary": {"covered_lines": 0, "num_statements": 2, "percent_covered": 0.0, "percent_covered_display": "0", "missing_lines": 2, "excluded_lines": 0}, "missing_lines": [1788, 1789], "excluded_lines": []}, "UpdateQueryBuilder.gt": {"executed_lines": [], "summary": {"covered_lines": 0, "num_statements": 2, "percent_covered": 0.0, "percent_covered_display": "0", "missing_lines": 2, "excluded_lines": 0}, "missing_lines": [1793, 1794], "excluded_lines": []}, "UpdateQueryBuilder.gte": {"executed_lines": [], "summary": {"covered_lines": 0, "num_statements": 2, "percent_covered": 0.0, "percent_covered_display": "0", "missing_lines": 2, "excluded_lines": 0}, "missing_lines": [1798, 1799], "excluded_lines": []}, "UpdateQueryBuilder.in_": {"executed_lines": [], "summary": {"covered_lines": 0, "num_statements": 2, "percent_covered": 0.0, "percent_covered_display": "0", "missing_lines": 2, "excluded_lines": 0}, "missing_lines": [1803, 1804], "excluded_lines": []}, "UpdateQueryBuilder.like": {"executed_lines": [], "summary": {"covered_lines": 0, "num_statements": 2, "percent_covered": 0.0, "percent_covered_display": "0", "missing_lines": 2, "excluded_lines": 0}, "missing_lines": [1808, 1809], "excluded_lines": []}, "UpdateQueryBuilder.execute": {"executed_lines": [], "summary": {"covered_lines": 0, "num_statements": 2, "percent_covered": 0.0, "percent_covered_display": "0", "missing_lines": 2, "excluded_lines": 0}, "missing_lines": [1813, 1847], "excluded_lines": []}, "UpdateQueryBuilder.execute.query_fn": {"executed_lines": [], "summary": {"covered_lines": 0, "num_statements": 22, "percent_covered": 0.0, "percent_covered_display": "0", "missing_lines": 22, "excluded_lines": 0}, "missing_lines": [1815, 1816, 1818, 1821, 1822, 1823, 1824, 1826, 1827, 1828, 1829, 1830, 1831, 1832, 1833, 1834, 1835, 1836, 1837, 1839, 1841, 1845], "excluded_lines": []}, "DeleteQueryBuilder.__init__": {"executed_lines": [], "summary": {"covered_lines": 0, "num_statements": 5, "percent_covered": 0.0, "percent_covered_display": "0", "missing_lines": 5, "excluded_lines": 0}, "missing_lines": [1865, 1866, 1867, 1868, 1869], "excluded_lines": []}, "DeleteQueryBuilder.eq": {"executed_lines": [], "summary": {"covered_lines": 0, "num_statements": 2, "percent_covered": 0.0, "percent_covered_display": "0", "missing_lines": 2, "excluded_lines": 0}, "missing_lines": [1873, 1874], "excluded_lines": []}, "DeleteQueryBuilder.neq": {"executed_lines": [], "summary": {"covered_lines": 0, "num_statements": 2, "percent_covered": 0.0, "percent_covered_display": "0", "missing_lines": 2, "excluded_lines": 0}, "missing_lines": [1878, 1879], "excluded_lines": []}, "DeleteQueryBuilder.in_": {"executed_lines": [], "summary": {"covered_lines": 0, "num_statements": 2, "percent_covered": 0.0, "percent_covered_display": "0", "missing_lines": 2, "excluded_lines": 0}, "missing_lines": [1883, 1884], "excluded_lines": []}, "DeleteQueryBuilder.like": {"executed_lines": [], "summary": {"covered_lines": 0, "num_statements": 2, "percent_covered": 0.0, "percent_covered_display": "0", "missing_lines": 2, "excluded_lines": 0}, "missing_lines": [1888, 1889], "excluded_lines": []}, "DeleteQueryBuilder.execute": {"executed_lines": [], "summary": {"covered_lines": 0, "num_statements": 2, "percent_covered": 0.0, "percent_covered_display": "0", "missing_lines": 2, "excluded_lines": 0}, "missing_lines": [1893, 1923], "excluded_lines": []}, "DeleteQueryBuilder.execute.query_fn": {"executed_lines": [], "summary": {"covered_lines": 0, "num_statements": 18, "percent_covered": 0.0, "percent_covered_display": "0", "missing_lines": 18, "excluded_lines": 0}, "missing_lines": [1895, 1896, 1898, 1901, 1902, 1903, 1904, 1906, 1907, 1908, 1909, 1910, 1911, 1912, 1913, 1915, 1917, 1921], "excluded_lines": []}, "UpsertQueryBuilder.__init__": {"executed_lines": [], "summary": {"covered_lines": 0, "num_statements": 7, "percent_covered": 0.0, "percent_covered_display": "0", "missing_lines": 7, "excluded_lines": 0}, "missing_lines": [1943, 1944, 1945, 1946, 1947, 1948, 1949], "excluded_lines": []}, "UpsertQueryBuilder.on_conflict": {"executed_lines": [], "summary": {"covered_lines": 0, "num_statements": 2, "percent_covered": 0.0, "percent_covered_display": "0", "missing_lines": 2, "excluded_lines": 0}, "missing_lines": [1953, 1954], "excluded_lines": []}, "UpsertQueryBuilder.ignore_duplicates": {"executed_lines": [], "summary": {"covered_lines": 0, "num_statements": 2, "percent_covered": 0.0, "percent_covered_display": "0", "missing_lines": 2, "excluded_lines": 0}, "missing_lines": [1958, 1959], "excluded_lines": []}, "UpsertQueryBuilder.execute": {"executed_lines": [], "summary": {"covered_lines": 0, "num_statements": 2, "percent_covered": 0.0, "percent_covered_display": "0", "missing_lines": 2, "excluded_lines": 0}, "missing_lines": [1963, 1986], "excluded_lines": []}, "UpsertQueryBuilder.execute.query_fn": {"executed_lines": [], "summary": {"covered_lines": 0, "num_statements": 6, "percent_covered": 0.0, "percent_covered_display": "0", "missing_lines": 6, "excluded_lines": 0}, "missing_lines": [1965, 1966, 1972, 1978, 1980, 1984], "excluded_lines": []}, "StorageQueryBuilder.__init__": {"executed_lines": [], "summary": {"covered_lines": 0, "num_statements": 9, "percent_covered": 0.0, "percent_covered_display": "0", "missing_lines": 9, "excluded_lines": 0}, "missing_lines": [2016, 2017, 2018, 2019, 2020, 2021, 2022, 2023, 2024], "excluded_lines": []}, "StorageQueryBuilder.upload": {"executed_lines": [], "summary": {"covered_lines": 0, "num_statements": 7, "percent_covered": 0.0, "percent_covered_display": "0", "missing_lines": 7, "excluded_lines": 0}, "missing_lines": [2050, 2051, 2052, 2053, 2054, 2055, 2056], "excluded_lines": []}, "StorageQueryBuilder.download": {"executed_lines": [], "summary": {"covered_lines": 0, "num_statements": 3, "percent_covered": 0.0, "percent_covered_display": "0", "missing_lines": 3, "excluded_lines": 0}, "missing_lines": [2073, 2074, 2075], "excluded_lines": []}, "StorageQueryBuilder.list": {"executed_lines": [], "summary": {"covered_lines": 0, "num_statements": 6, "percent_covered": 0.0, "percent_covered_display": "0", "missing_lines": 6, "excluded_lines": 0}, "missing_lines": [2101, 2102, 2103, 2107, 2108, 2109], "excluded_lines": []}, "StorageQueryBuilder.remove": {"executed_lines": [], "summary": {"covered_lines": 0, "num_statements": 3, "percent_covered": 0.0, "percent_covered_display": "0", "missing_lines": 3, "excluded_lines": 0}, "missing_lines": [2132, 2133, 2134], "excluded_lines": []}, "StorageQueryBuilder.get_public_url": {"executed_lines": [], "summary": {"covered_lines": 0, "num_statements": 2, "percent_covered": 0.0, "percent_covered_display": "0", "missing_lines": 2, "excluded_lines": 0}, "missing_lines": [2149, 2150], "excluded_lines": []}, "StorageQueryBuilder.create_signed_url": {"executed_lines": [], "summary": {"covered_lines": 0, "num_statements": 4, "percent_covered": 0.0, "percent_covered_display": "0", "missing_lines": 4, "excluded_lines": 0}, "missing_lines": [2172, 2173, 2174, 2175], "excluded_lines": []}, "StorageQueryBuilder.execute": {"executed_lines": [], "summary": {"covered_lines": 0, "num_statements": 13, "percent_covered": 0.0, "percent_covered_display": "0", "missing_lines": 13, "excluded_lines": 0}, "missing_lines": [2192, 2193, 2195, 2196, 2197, 2198, 2199, 2200, 2201, 2202, 2203, 2204, 2206], "excluded_lines": []}, "StorageQueryBuilder._execute_upload": {"executed_lines": [], "summary": {"covered_lines": 0, "num_statements": 2, "percent_covered": 0.0, "percent_covered_display": "0", "missing_lines": 2, "excluded_lines": 0}, "missing_lines": [2210, 2254], "excluded_lines": []}, "StorageQueryBuilder._execute_upload.op": {"executed_lines": [], "summary": {"covered_lines": 0, "num_statements": 20, "percent_covered": 0.0, "percent_covered_display": "0", "missing_lines": 20, "excluded_lines": 0}, "missing_lines": [2211, 2212, 2213, 2216, 2217, 2218, 2221, 2222, 2223, 2225, 2227, 2228, 2229, 2230, 2231, 2234, 2240, 2242, 2251, 2252], "excluded_lines": []}, "StorageQueryBuilder._execute_download": {"executed_lines": [], "summary": {"covered_lines": 0, "num_statements": 2, "percent_covered": 0.0, "percent_covered_display": "0", "missing_lines": 2, "excluded_lines": 0}, "missing_lines": [2258, 2261], "excluded_lines": []}, "StorageQueryBuilder._execute_download.op": {"executed_lines": [], "summary": {"covered_lines": 0, "num_statements": 1, "percent_covered": 0.0, "percent_covered_display": "0", "missing_lines": 1, "excluded_lines": 0}, "missing_lines": [2259], "excluded_lines": []}, "StorageQueryBuilder._execute_list": {"executed_lines": [], "summary": {"covered_lines": 0, "num_statements": 2, "percent_covered": 0.0, "percent_covered_display": "0", "missing_lines": 2, "excluded_lines": 0}, "missing_lines": [2265, 2279], "excluded_lines": []}, "StorageQueryBuilder._execute_list.op": {"executed_lines": [], "summary": {"covered_lines": 0, "num_statements": 5, "percent_covered": 0.0, "percent_covered_display": "0", "missing_lines": 5, "excluded_lines": 0}, "missing_lines": [2266, 2273, 2274, 2276, 2277], "excluded_lines": []}, "StorageQueryBuilder._execute_remove": {"executed_lines": [], "summary": {"covered_lines": 0, "num_statements": 2, "percent_covered": 0.0, "percent_covered_display": "0", "missing_lines": 2, "excluded_lines": 0}, "missing_lines": [2283, 2292], "excluded_lines": []}, "StorageQueryBuilder._execute_remove.op": {"executed_lines": [], "summary": {"covered_lines": 0, "num_statements": 2, "percent_covered": 0.0, "percent_covered_display": "0", "missing_lines": 2, "excluded_lines": 0}, "missing_lines": [2284, 2285], "excluded_lines": []}, "StorageQueryBuilder._execute_create_signed_url": {"executed_lines": [], "summary": {"covered_lines": 0, "num_statements": 2, "percent_covered": 0.0, "percent_covered_display": "0", "missing_lines": 2, "excluded_lines": 0}, "missing_lines": [2296, 2304], "excluded_lines": []}, "StorageQueryBuilder._execute_create_signed_url.op": {"executed_lines": [], "summary": {"covered_lines": 0, "num_statements": 3, "percent_covered": 0.0, "percent_covered_display": "0", "missing_lines": 3, "excluded_lines": 0}, "missing_lines": [2297, 2298, 2302], "excluded_lines": []}, "create_supabase_client": {"executed_lines": [2326, 2327, 2329], "summary": {"covered_lines": 3, "num_statements": 3, "percent_covered": 100.0, "percent_covered_display": "100", "missing_lines": 0, "excluded_lines": 0}, "missing_lines": [], "excluded_lines": []}, "create_admin_supabase_client": {"executed_lines": [], "summary": {"covered_lines": 0, "num_statements": 1, "percent_covered": 0.0, "percent_covered_display": "0", "missing_lines": 1, "excluded_lines": 0}, "missing_lines": [2355], "excluded_lines": []}, "": {"executed_lines": [1, 9, 10, 11, 12, 15, 16, 17, 18, 19, 20, 23, 25, 26, 27, 29, 30, 32, 33, 35, 39, 40, 43, 44, 45, 48, 49, 50, 51, 52, 93, 94, 101, 102, 103, 106, 107, 108, 109, 112, 115, 116, 117, 120, 121, 122, 125, 126, 127, 128, 131, 132, 133, 134, 137, 138, 139, 142, 143, 145, 152, 169, 170, 192, 238, 272, 291, 314, 334, 354, 380, 396, 405, 414, 422, 439, 532, 551, 564, 587, 600, 682, 737, 743, 751, 755, 759, 764, 769, 823, 843, 875, 953, 982, 994, 1008, 1024, 1077, 1092, 1102, 1112, 1133, 1144, 1158, 1206, 1229, 1230, 1238, 1278, 1328, 1329, 1334, 1352, 1372, 1377, 1378, 1380, 1392, 1416, 1429, 1439, 1448, 1464, 1465, 1470, 1490, 1495, 1500, 1505, 1510, 1515, 1520, 1525, 1530, 1544, 1549, 1554, 1559, 1566, 1583, 1588, 1593, 1604, 1609, 1616, 1715, 1716, 1718, 1733, 1738, 1763, 1764, 1766, 1781, 1786, 1791, 1796, 1801, 1806, 1811, 1855, 1856, 1858, 1871, 1876, 1881, 1886, 1891, 1931, 1932, 1934, 1951, 1956, 1961, 1994, 1995, 2002, 2026, 2058, 2077, 2111, 2136, 2152, 2177, 2208, 2256, 2263, 2281, 2294, 2308, 2336], "summary": {"covered_lines": 180, "num_statements": 211, "percent_covered": 85.30805687203791, "percent_covered_display": "85", "missing_lines": 31, "excluded_lines": 0}, "missing_lines": [34, 36, 55, 57, 58, 59, 60, 61, 62, 63, 64, 65, 67, 68, 69, 70, 72, 73, 75, 76, 77, 78, 79, 80, 81, 82, 83, 85, 86, 87, 88], "excluded_lines": []}}, "classes": {"SupabaseSettings": {"executed_lines": [153, 156, 158, 160, 163, 164, 165, 166, 167], "summary": {"covered_lines": 9, "num_statements": 12, "percent_covered": 75.0, "percent_covered_display": "75", "missing_lines": 3, "excluded_lines": 0}, "missing_lines": [157, 159, 161], "excluded_lines": []}, "SupabaseClient": {"executed_lines": [202, 203, 204, 205, 208, 209, 210, 213, 216, 217, 218, 221, 222, 223, 226, 227, 230, 231, 233, 234, 235, 236, 242, 245, 247, 248, 252, 254, 255, 259, 262, 357, 358, 432, 434, 435, 441, 444, 445, 446, 449, 455, 458, 459, 460, 462, 464, 465, 466, 467, 469, 470, 472, 473, 493, 495, 511, 512, 513, 514, 516, 529, 984, 992, 1010, 1013, 1016, 1017, 1018, 1022, 1031, 1035, 1036, 1043, 1056, 1058, 1063, 1066, 1067, 1070, 1071, 1072, 1094, 1096, 1097, 1098, 1099, 1135, 1142, 1270, 1272], "summary": {"covered_lines": 91, "num_statements": 348, "percent_covered": 26.149425287356323, "percent_covered_display": "26", "missing_lines": 257, "excluded_lines": 0}, "missing_lines": [264, 265, 266, 267, 270, 285, 286, 287, 289, 306, 308, 309, 312, 324, 326, 327, 329, 330, 331, 332, 337, 339, 340, 341, 342, 343, 344, 351, 352, 361, 362, 365, 366, 369, 370, 373, 374, 378, 382, 383, 384, 397, 398, 399, 403, 406, 407, 408, 412, 415, 416, 420, 433, 437, 450, 479, 480, 483, 484, 487, 489, 490, 496, 497, 500, 501, 502, 508, 509, 517, 518, 527, 528, 535, 537, 538, 539, 540, 541, 542, 543, 544, 545, 546, 547, 548, 549, 553, 556, 558, 559, 560, 561, 562, 566, 569, 571, 572, 574, 575, 576, 578, 579, 580, 581, 582, 583, 584, 585, 589, 591, 592, 593, 594, 595, 596, 597, 598, 632, 635, 637, 640, 643, 644, 645, 651, 653, 654, 656, 657, 659, 660, 661, 663, 664, 665, 666, 673, 677, 684, 686, 687, 688, 691, 692, 693, 697, 698, 699, 701, 703, 705, 707, 708, 709, 711, 715, 721, 723, 732, 733, 735, 739, 740, 741, 745, 746, 747, 748, 753, 757, 761, 762, 766, 795, 798, 800, 804, 805, 808, 811, 813, 818, 820, 840, 869, 870, 871, 873, 950, 961, 962, 968, 970, 971, 972, 973, 974, 979, 985, 996, 997, 1004, 1011, 1019, 1020, 1032, 1079, 1080, 1082, 1084, 1086, 1087, 1088, 1095, 1100, 1104, 1105, 1108, 1109, 1110, 1114, 1122, 1125, 1126, 1128, 1136, 1146, 1149, 1150, 1155, 1156, 1161, 1164, 1165, 1166, 1167, 1168, 1170, 1209, 1210, 1213, 1214, 1217, 1218, 1219, 1220, 1223, 1224, 1226, 1232, 1233, 1234, 1235, 1236, 1315, 1317], "excluded_lines": []}, "QueryBuilder": {"executed_lines": [1348, 1349, 1350, 1365], "summary": {"covered_lines": 4, "num_statements": 5, "percent_covered": 80.0, "percent_covered_display": "80", "missing_lines": 1, "excluded_lines": 0}, "missing_lines": [1374], "excluded_lines": []}, "TableQueryBuilder": {"executed_lines": [1387, 1388, 1389, 1390, 1407], "summary": {"covered_lines": 5, "num_statements": 9, "percent_covered": 55.55555555555556, "percent_covered_display": "56", "missing_lines": 4, "excluded_lines": 0}, "missing_lines": [1421, 1431, 1441, 1454], "excluded_lines": []}, "SelectQueryBuilder": {"executed_lines": [1479, 1480, 1481, 1482, 1483, 1484, 1485, 1486, 1492, 1493, 1546, 1547, 1611, 1612, 1629, 1631, 1633, 1645, 1646, 1647, 1649, 1650, 1651, 1653, 1655, 1657, 1659, 1661, 1663, 1665, 1667, 1668, 1678, 1679, 1681, 1684, 1686, 1688, 1691, 1693, 1694, 1697, 1707], "summary": {"covered_lines": 43, "num_statements": 100, "percent_covered": 43.0, "percent_covered_display": "43", "missing_lines": 57, "excluded_lines": 0}, "missing_lines": [1497, 1498, 1502, 1503, 1507, 1508, 1512, 1513, 1517, 1518, 1522, 1523, 1527, 1528, 1541, 1542, 1551, 1552, 1556, 1557, 1561, 1562, 1580, 1581, 1585, 1586, 1590, 1591, 1601, 1602, 1606, 1607, 1639, 1652, 1654, 1656, 1658, 1660, 1662, 1664, 1666, 1669, 1670, 1671, 1672, 1673, 1674, 1675, 1682, 1683, 1685, 1687, 1689, 1690, 1692, 1700, 1704], "excluded_lines": []}, "InsertQueryBuilder": {"executed_lines": [], "summary": {"covered_lines": 0, "num_statements": 16, "percent_covered": 0.0, "percent_covered_display": "0", "missing_lines": 16, "excluded_lines": 0}, "missing_lines": [1726, 1727, 1728, 1729, 1730, 1731, 1735, 1736, 1740, 1742, 1743, 1745, 1747, 1749, 1753, 1755], "excluded_lines": []}, "UpdateQueryBuilder": {"executed_lines": [], "summary": {"covered_lines": 0, "num_statements": 42, "percent_covered": 0.0, "percent_covered_display": "0", "missing_lines": 42, "excluded_lines": 0}, "missing_lines": [1774, 1775, 1776, 1777, 1778, 1779, 1783, 1784, 1788, 1789, 1793, 1794, 1798, 1799, 1803, 1804, 1808, 1809, 1813, 1815, 1816, 1818, 1821, 1822, 1823, 1824, 1826, 1827, 1828, 1829, 1830, 1831, 1832, 1833, 1834, 1835, 1836, 1837, 1839, 1841, 1845, 1847], "excluded_lines": []}, "DeleteQueryBuilder": {"executed_lines": [], "summary": {"covered_lines": 0, "num_statements": 33, "percent_covered": 0.0, "percent_covered_display": "0", "missing_lines": 33, "excluded_lines": 0}, "missing_lines": [1865, 1866, 1867, 1868, 1869, 1873, 1874, 1878, 1879, 1883, 1884, 1888, 1889, 1893, 1895, 1896, 1898, 1901, 1902, 1903, 1904, 1906, 1907, 1908, 1909, 1910, 1911, 1912, 1913, 1915, 1917, 1921, 1923], "excluded_lines": []}, "UpsertQueryBuilder": {"executed_lines": [], "summary": {"covered_lines": 0, "num_statements": 19, "percent_covered": 0.0, "percent_covered_display": "0", "missing_lines": 19, "excluded_lines": 0}, "missing_lines": [1943, 1944, 1945, 1946, 1947, 1948, 1949, 1953, 1954, 1958, 1959, 1963, 1965, 1966, 1972, 1978, 1980, 1984, 1986], "excluded_lines": []}, "StorageQueryBuilder": {"executed_lines": [], "summary": {"covered_lines": 0, "num_statements": 88, "percent_covered": 0.0, "percent_covered_display": "0", "missing_lines": 88, "excluded_lines": 0}, "missing_lines": [2016, 2017, 2018, 2019, 2020, 2021, 2022, 2023, 2024, 2050, 2051, 2052, 2053, 2054, 2055, 2056, 2073, 2074, 2075, 2101, 2102, 2103, 2107, 2108, 2109, 2132, 2133, 2134, 2149, 2150, 2172, 2173, 2174, 2175, 2192, 2193, 2195, 2196, 2197, 2198, 2199, 2200, 2201, 2202, 2203, 2204, 2206, 2210, 2211, 2212, 2213, 2216, 2217, 2218, 2221, 2222, 2223, 2225, 2227, 2228, 2229, 2230, 2231, 2234, 2240, 2242, 2251, 2252, 2254, 2258, 2259, 2261, 2265, 2266, 2273, 2274, 2276, 2277, 2279, 2283, 2284, 2285, 2292, 2296, 2297, 2298, 2302, 2304], "excluded_lines": []}, "": {"executed_lines": [1, 9, 10, 11, 12, 15, 16, 17, 18, 19, 20, 23, 25, 26, 27, 29, 30, 32, 33, 35, 39, 40, 43, 44, 45, 48, 49, 50, 51, 52, 93, 94, 101, 102, 103, 106, 107, 108, 109, 112, 115, 116, 117, 120, 121, 122, 125, 126, 127, 128, 131, 132, 133, 134, 137, 138, 139, 142, 143, 145, 152, 169, 170, 192, 238, 272, 291, 314, 334, 354, 380, 396, 405, 414, 422, 439, 532, 551, 564, 587, 600, 682, 737, 743, 751, 755, 759, 764, 769, 823, 843, 875, 953, 982, 994, 1008, 1024, 1077, 1092, 1102, 1112, 1133, 1144, 1158, 1206, 1229, 1230, 1238, 1278, 1328, 1329, 1334, 1352, 1372, 1377, 1378, 1380, 1392, 1416, 1429, 1439, 1448, 1464, 1465, 1470, 1490, 1495, 1500, 1505, 1510, 1515, 1520, 1525, 1530, 1544, 1549, 1554, 1559, 1566, 1583, 1588, 1593, 1604, 1609, 1616, 1715, 1716, 1718, 1733, 1738, 1763, 1764, 1766, 1781, 1786, 1791, 1796, 1801, 1806, 1811, 1855, 1856, 1858, 1871, 1876, 1881, 1886, 1891, 1931, 1932, 1934, 1951, 1956, 1961, 1994, 1995, 2002, 2026, 2058, 2077, 2111, 2136, 2152, 2177, 2208, 2256, 2263, 2281, 2294, 2308, 2326, 2327, 2329, 2336], "summary": {"covered_lines": 183, "num_statements": 215, "percent_covered": 85.11627906976744, "percent_covered_display": "85", "missing_lines": 32, "excluded_lines": 0}, "missing_lines": [34, 36, 55, 57, 58, 59, 60, 61, 62, 63, 64, 65, 67, 68, 69, 70, 72, 73, 75, 76, 77, 78, 79, 80, 81, 82, 83, 85, 86, 87, 88, 2355], "excluded_lines": []}}}, "src/core/__init__.py": {"executed_lines": [0], "summary": {"covered_lines": 0, "num_statements": 0, "percent_covered": 100.0, "percent_covered_display": "100", "missing_lines": 0, "excluded_lines": 0}, "missing_lines": [], "excluded_lines": [], "functions": {"": {"executed_lines": [], "summary": {"covered_lines": 0, "num_statements": 0, "percent_covered": 100.0, "percent_covered_display": "100", "missing_lines": 0, "excluded_lines": 0}, "missing_lines": [], "excluded_lines": []}}, "classes": {"": {"executed_lines": [], "summary": {"covered_lines": 0, "num_statements": 0, "percent_covered": 100.0, "percent_covered_display": "100", "missing_lines": 0, "excluded_lines": 0}, "missing_lines": [], "excluded_lines": []}}}, "src/core/cache_manager.py": {"executed_lines": [1, 25, 26, 27, 28, 29, 30, 31, 32, 33, 35, 37, 44, 45, 46, 58, 59, 60, 61, 62, 63, 64, 66, 68, 70, 72, 73, 80, 81, 93, 101, 102, 103, 104, 106, 116, 117, 119, 122, 123, 124, 125, 128, 129, 131, 136, 138, 155, 158, 159, 168, 169, 172, 173, 174, 175, 177, 182, 192, 193, 194, 195, 196, 198, 205, 206, 207, 208, 210, 217, 218, 220, 234, 235, 254, 255, 256, 258, 276, 277, 280, 281, 282, 285, 288, 299, 301, 308, 328, 329, 333, 334, 337, 339, 341, 363, 366, 367, 368, 372, 375, 387, 401, 402, 404, 449, 470, 472, 489, 490, 492, 493, 496, 500, 504, 505, 510, 512, 529, 536, 539, 540, 543, 544, 545, 547, 550, 553, 558, 559, 560, 562, 564, 566, 576, 582, 587, 592, 601, 606
[...]
 1, "num_statements": 1, "percent_covered": 100.0, "percent_covered_display": "100", "missing_lines": 0, "excluded_lines": 0}, "missing_lines": [], "excluded_lines": []}, "WhenAnalyzer._get_deadlines": {"executed_lines": [764], "summary": {"covered_lines": 1, "num_statements": 1, "percent_covered": 100.0, "percent_covered_display": "100", "missing_lines": 0, "excluded_lines": 0}, "missing_lines": [], "excluded_lines": []}, "WhenAnalyzer._calculate_urgency": {"executed_lines": [768, 769], "summary": {"covered_lines": 2, "num_statements": 10, "percent_covered": 20.0, "percent_covered_display": "20", "missing_lines": 8, "excluded_lines": 0}, "missing_lines": [772, 773, 775, 776, 779, 781, 782, 784], "excluded_lines": []}, "WhyAnalyzer.analyze": {"executed_lines": [805, 807, 809, 812, 813, 814, 817, 820, 822, 837, 842], "summary": {"covered_lines": 11, "num_statements": 14, "percent_covered": 78.57142857142857, "percent_covered_display": "79", "missing_lines": 3, "excluded_lines": 0}, "missing_lines": [844, 845, 846], "excluded_lines": []}, "WhyAnalyzer._query_precedents": {"executed_lines": [853, 854, 855, 862, 863], "summary": {"covered_lines": 5, "num_statements": 6, "percent_covered": 83.33333333333333, "percent_covered_display": "83", "missing_lines": 1, "excluded_lines": 0}, "missing_lines": [861], "excluded_lines": []}, "WhyAnalyzer._extract_legal_theories": {"executed_lines": [868], "summary": {"covered_lines": 1, "num_statements": 1, "percent_covered": 100.0, "percent_covered_display": "100", "missing_lines": 0, "excluded_lines": 0}, "missing_lines": [], "excluded_lines": []}, "WhyAnalyzer._categorize_precedents": {"executed_lines": [876, 877, 888], "summary": {"covered_lines": 3, "num_statements": 6, "percent_covered": 50.0, "percent_covered_display": "50", "missing_lines": 3, "excluded_lines": 0}, "missing_lines": [878, 879, 887], "excluded_lines": []}, "WhyAnalyzer._calculate_argument_strength": {"executed_lines": [896, 897], "summary": {"covered_lines": 2, "num_statements": 8, "percent_covered": 25.0, "percent_covered_display": "25", "missing_lines": 6, "excluded_lines": 0}, "missing_lines": [899, 900, 902, 903, 904, 906], "excluded_lines": []}, "WhyAnalyzer._get_case_name": {"executed_lines": [910, 911, 919, 920, 921], "summary": {"covered_lines": 5, "num_statements": 7, "percent_covered": 71.42857142857143, "percent_covered_display": "71", "missing_lines": 2, "excluded_lines": 0}, "missing_lines": [917, 918], "excluded_lines": []}, "": {"executed_lines": [1, 14, 15, 16, 17, 19, 28, 29, 31, 38, 39, 49, 65, 80, 115, 116, 127, 192, 210, 224, 249, 272, 296, 320, 349, 357, 379, 380, 391, 446, 463, 483, 494, 505, 525, 545, 557, 569, 589, 590, 601, 647, 661, 671, 672, 683, 743, 756, 761, 766, 791, 792, 803, 851, 865, 870, 890, 908], "summary": {"covered_lines": 51, "num_statements": 51, "percent_covered": 100.0, "percent_covered_display": "100", "missing_lines": 0, "excluded_lines": 0}, "missing_lines": [], "excluded_lines": []}}, "classes": {"DimensionAnalyzer": {"executed_lines": [61, 62, 63], "summary": {"covered_lines": 3, "num_statements": 7, "percent_covered": 42.857142857142854, "percent_covered_display": "43", "missing_lines": 4, "excluded_lines": 0}, "missing_lines": [78, 97, 100, 102], "excluded_lines": []}, "WhoAnalyzer": {"executed_lines": [138, 140, 142, 145, 148, 149, 150, 151, 154, 157, 160, 162, 173, 178, 194, 195, 199, 206, 207, 208, 212, 213, 220, 221, 222, 231, 234, 247, 256, 258, 270, 279, 281, 294, 303, 305, 318, 327, 329, 331, 344, 345, 347, 351, 352, 355, 359, 360, 369, 370, 372], "summary": {"covered_lines": 51, "num_statements": 82, "percent_covered": 62.19512195121951, "percent_covered_display": "62", "missing_lines": 31, "excluded_lines": 0}, "missing_lines": [180, 181, 183, 205, 219, 235, 236, 237, 245, 259, 260, 261, 268, 282, 283, 284, 292, 306, 307, 308, 316, 337, 338, 339, 340, 341, 342, 353, 354, 367, 368], "excluded_lines": []}, "WhatAnalyzer": {"executed_lines": [393, 395, 397, 400, 401, 402, 403, 404, 407, 410, 417, 419, 432, 437, 448, 449, 459, 460, 461, 469, 470, 481, 485, 486, 492, 496, 497, 503, 511, 512, 523, 531, 532, 543, 551, 553, 555, 565, 567, 571, 572, 580, 581, 582], "summary": {"covered_lines": 44, "num_statements": 74, "percent_covered": 59.45945945945946, "percent_covered_display": "59", "missing_lines": 30, "excluded_lines": 0}, "missing_lines": [439, 440, 441, 458, 471, 472, 473, 480, 487, 488, 489, 490, 491, 498, 499, 500, 501, 502, 513, 514, 515, 522, 533, 534, 535, 542, 552, 554, 578, 579], "excluded_lines": []}, "WhereAnalyzer": {"executed_lines": [603, 605, 607, 610, 611, 612, 613, 616, 619, 621, 633, 635, 649, 650, 657, 658, 659, 664], "summary": {"covered_lines": 18, "num_statements": 22, "percent_covered": 81.81818181818181, "percent_covered_display": "82", "missing_lines": 4, "excluded_lines": 0}, "missing_lines": [637, 638, 639, 656], "excluded_lines": []}, "WhenAnalyzer": {"executed_lines": [685, 687, 689, 690, 691, 694, 695, 696, 699, 700, 701, 702, 705, 708, 710, 727, 732, 745, 746, 753, 754, 759, 764, 768, 769], "summary": {"covered_lines": 25, "num_statements": 37, "percent_covered": 67.56756756756756, "percent_covered_display": "68", "missing_lines": 12, "excluded_lines": 0}, "missing_lines": [734, 735, 736, 752, 772, 773, 775, 776, 779, 781, 782, 784], "excluded_lines": []}, "WhyAnalyzer": {"executed_lines": [805, 807, 809, 812, 813, 814, 817, 820, 822, 837, 842, 853, 854, 855, 862, 863, 868, 876, 877, 888, 896, 897, 910, 911, 919, 920, 921], "summary": {"covered_lines": 27, "num_statements": 42, "percent_covered": 64.28571428571429, "percent_covered_display": "64", "missing_lines": 15, "excluded_lines": 0}, "missing_lines": [844, 845, 846, 861, 878, 879, 887, 899, 900, 902, 903, 904, 906, 917, 918], "excluded_lines": []}, "": {"executed_lines": [1, 14, 15, 16, 17, 19, 28, 29, 31, 38, 39, 49, 65, 80, 115, 116, 127, 192, 210, 224, 249, 272, 296, 320, 349, 357, 379, 380, 391, 446, 463, 483, 494, 505, 525, 545, 557, 569, 589, 590, 601, 647, 661, 671, 672, 683, 743, 756, 761, 766, 791, 792, 803, 851, 865, 870, 890, 908], "summary": {"covered_lines": 51, "num_statements": 51, "percent_covered": 100.0, "percent_covered_display": "100", "missing_lines": 0, "excluded_lines": 0}, "missing_lines": [], "excluded_lines": []}}}, "src/models/__init__.py": {"executed_lines": [0], "summary": {"covered_lines": 0, "num_statements": 0, "percent_covered": 100.0, "percent_covered_display": "100", "missing_lines": 0, "excluded_lines": 0}, "missing_lines": [], "excluded_lines": [], "functions": {"": {"executed_lines": [], "summary": {"covered_lines": 0, "num_statements": 0, "percent_covered": 100.0, "percent_covered_display": "100", "missing_lines": 0, "excluded_lines": 0}, "missing_lines": [], "excluded_lines": []}}, "classes": {"": {"executed_lines": [], "summary": {"covered_lines": 0, "num_statements": 0, "percent_covered": 100.0, "percent_covered_display": "100", "missing_lines": 0, "excluded_lines": 0}, "missing_lines": [], "excluded_lines": []}}}, "src/models/dimensions.py": {"executed_lines": [1, 14, 15, 16, 17, 24, 25, 36, 37, 38, 39, 40, 41, 43, 44, 45, 47, 49, 52, 53, 64, 65, 66, 67, 68, 69, 72, 73, 84, 85, 86, 87, 88, 89, 92, 93, 104, 105, 106, 107, 108, 109, 112, 113, 118, 119, 120, 121, 122, 123, 124, 125, 127, 131, 140, 141, 151, 152, 153, 154, 155, 157, 158, 159, 161, 164, 165, 175, 176, 177, 178, 179, 182, 183, 188, 189, 190, 191, 192, 193, 194, 195, 196, 197, 199, 203, 212, 213, 221, 222, 223, 226, 227, 232, 233, 234, 235, 236, 237, 238, 239, 240, 242, 251, 252, 261, 262, 263, 264, 267, 268, 279, 280, 281, 282, 283, 284, 287, 288, 293, 294, 295, 296, 297, 298, 299, 300, 301, 302, 303, 304, 305, 306, 308, 315, 326, 327, 338, 339, 340, 341, 342, 343, 346, 347, 358, 359, 360, 361, 362, 363, 366, 367, 372, 373, 374, 375, 376, 377, 378, 379, 380, 381, 382, 383, 385, 389, 401, 402, 408, 409, 410, 411, 412, 413, 414, 415, 416, 417, 418, 419, 420, 422, 424, 425, 426, 427, 428, 429, 430, 432, 443, 481, 482, 492, 493, 494, 495, 496, 498, 499, 501, 502], "summary": {"covered_lines": 184, "num_statements": 207, "percent_covered": 88.88888888888889, "percent_covered_display": "89", "missing_lines": 23, "excluded_lines": 0}, "missing_lines": [48, 129, 133, 160, 201, 205, 244, 310, 311, 312, 313, 317, 318, 319, 387, 391, 392, 393, 394, 434, 441, 445, 503], "excluded_lines": [], "functions": {"Party.validate_role": {"executed_lines": [45, 47, 49], "summary": {"covered_lines": 3, "num_statements": 4, "percent_covered": 75.0, "percent_covered_display": "75", "missing_lines": 1, "excluded_lines": 0}, "missing_lines": [48], "excluded_lines": []}, "WhoContext.get_party_count": {"executed_lines": [], "summary": {"covered_lines": 0, "num_statements": 1, "percent_covered": 0.0, "percent_covered_display": "0", "missing_lines": 1, "excluded_lines": 0}, "missing_lines": [129], "excluded_lines": []}, "WhoContext.get_parties_by_role": {"executed_lines": [], "summary": {"covered_lines": 0, "num_statements": 1, "percent_covered": 0.0, "percent_covered_display": "0", "missing_lines": 1, "excluded_lines": 0}, "missing_lines": [133], "excluded_lines": []}, "Citation.validate_confidence": {"executed_lines": [159, 161], "summary": {"covered_lines": 2, "num_statements": 3, "percent_covered": 66.66666666666667, "percent_covered_display": "67", "missing_lines": 1, "excluded_lines": 0}, "missing_lines": [160], "excluded_lines": []}, "WhatContext.get_statute_count": {"executed_lines": [], "summary": {"covered_lines": 0, "num_statements": 1, "percent_covered": 0.0, "percent_covered_display": "0", "missing_lines": 1, "excluded_lines": 0}, "missing_lines": [201], "excluded_lines": []}, "WhatContext.get_case_citation_count": {"executed_lines": [], "summary": {"covered_lines": 0, "num_statements": 1, "percent_covered": 0.0, "percent_covered_display": "0", "missing_lines": 1, "excluded_lines": 0}, "missing_lines": [205], "excluded_lines": []}, "WhereContext.get_full_court_name": {"executed_lines": [], "summary": {"covered_lines": 0, "num_statements": 1, "percent_covered": 0.0, "percent_covered_display": "0", "missing_lines": 1, "excluded_lines": 0}, "missing_lines": [244], "excluded_lines": []}, "WhenContext.calculate_case_age": {"executed_lines": [], "summary": {"covered_lines": 0, "num_statements": 4, "percent_covered": 0.0, "percent_covered_display": "0", "missing_lines": 4, "excluded_lines": 0}, "missing_lines": [310, 311, 312, 313], "excluded_lines": []}, "WhenContext.get_next_deadline": {"executed_lines": [], "summary": {"covered_lines": 0, "num_statements": 3, "percent_covered": 0.0, "percent_covered_display": "0", "missing_lines": 3, "excluded_lines": 0}, "missing_lines": [317, 318, 319], "excluded_lines": []}, "WhyContext.get_supporting_precedent_count": {"executed_lines": [], "summary": {"covered_lines": 0, "num_statements": 1, "percent_covered": 0.0, "percent_covered_display": "0", "missing_lines": 1, "excluded_lines": 0}, "missing_lines": [387], "excluded_lines": []}, "WhyContext.get_average_relevance": {"executed_lines": [], "summary": {"covered_lines": 0, "num_statements": 4, "percent_covered": 0.0, "percent_covered_display": "0", "missing_lines": 4, "excluded_lines": 0}, "missing_lines": [391, 392, 393, 394], "excluded_lines": []}, "ContextResponse.get_dimension_count": {"executed_lines": [424, 425, 426, 427, 428, 429, 430], "summary": {"covered_lines": 7, "num_statements": 7, "percent_covered": 100.0, "percent_covered_display": "100", "missing_lines": 0, "excluded_lines": 0}, "missing_lines": [], "excluded_lines": []}, "ContextResponse.is_dimension_complete": {"executed_lines": [], "summary": {"covered_lines": 0, "num_statements": 2, "percent_covered": 0.0, "percent_covered_display": "0", "missing_lines": 2, "excluded_lines": 0}, "missing_lines": [434, 441], "excluded_lines": []}, "ContextResponse.get_summary": {"executed_lines": [], "summary": {"covered_lines": 0, "num_statements": 1, "percent_covered": 0.0, "percent_covered_display": "0", "missing_lines": 1, "excluded_lines": 0}, "missing_lines": [445], "excluded_lines": []}, "DimensionQualityMetrics.validate_sufficiency": {"executed_lines": [501, 502], "summary": {"covered_lines": 2, "num_statements": 3, "percent_covered": 66.66666666666667, "percent_covered_display": "67", "missing_lines": 1, "excluded_lines": 0}, "missing_lines": [503], "excluded_lines": []}, "": {"executed_lines": [1, 14, 15, 16, 17, 24, 25, 36, 37, 38, 39, 40, 41, 43, 44, 52, 53, 64, 65, 66, 67, 68, 69, 72, 73, 84, 85, 86, 87, 88, 89, 92, 93, 104, 105, 106, 107, 108, 109, 112, 113, 118, 119, 120, 121, 122, 123, 124, 125, 127, 131, 140, 141, 151, 152, 153, 154, 155, 157, 158, 164, 165, 175, 176, 177, 178, 179, 182, 183, 188, 189, 190, 191, 192, 193, 194, 195, 196, 197, 199, 203, 212, 213, 221, 222, 223, 226, 227, 232, 233, 234, 235, 236, 237, 238, 239, 240, 242, 251, 252, 261, 262, 263, 264, 267, 268, 279, 280, 281, 282, 283, 284, 287, 288, 293, 294, 295, 296, 297, 298, 299, 300, 301, 302, 303, 304, 305, 306, 308, 315, 326, 327, 338, 339, 340, 341, 342, 343, 346, 347, 358, 359, 360, 361, 362, 363, 366, 367, 372, 373, 374, 375, 376, 377, 378, 379, 380, 381, 382, 383, 385, 389, 401, 402, 408, 409, 410, 411, 412, 413, 414, 415, 416, 417, 418, 419, 420, 422, 432, 443, 481, 482, 492, 493, 494, 495, 496, 498, 499], "summary": {"covered_lines": 170, "num_statements": 170, "percent_covered": 100.0, "percent_covered_display": "100", "missing_lines": 0, "excluded_lines": 0}, "missing_lines": [], "excluded_lines": []}}, "classes": {"Party": {"executed_lines": [45, 47, 49], "summary": {"covered_lines": 3, "num_statements": 4, "percent_covered": 75.0, "percent_covered_display": "75", "missing_lines": 1, "excluded_lines": 0}, "missing_lines": [48], "excluded_lines": []}, "Judge": {"executed_lines": [], "summary": {"covered_lines": 0, "num_statements": 0, "percent_covered": 100.0, "percent_covered_display": "100", "missing_lines": 0, "excluded_lines": 0}, "missing_lines": [], "excluded_lines": []}, "Attorney": {"executed_lines": [], "summary": {"covered_lines": 0, "num_statements": 0, "percent_covered": 100.0, "percent_covered_display": "100", "missing_lines": 0, "excluded_lines": 0}, "missing_lines": [], "excluded_lines": []}, "Witness": {"executed_lines": [], "summary": {"covered_lines": 0, "num_statements": 0, "percent_covered": 100.0, "percent_covered_display": "100", "missing_lines": 0, "excluded_lines": 0}, "missing_lines": [], "excluded_lines": []}, "WhoContext": {"executed_lines": [], "summary": {"covered_lines": 0, "num_statements": 2, "percent_covered": 0.0, "percent_covered_display": "0", "missing_lines": 2, "excluded_lines": 0}, "missing_lines": [129, 133], "excluded_lines": []}, "Citation": {"executed_lines": [159, 161], "summary": {"covered_lines": 2, "num_statements": 3, "percent_covered": 66.66666666666667, "percent_covered_display": "67", "missing_lines": 1, "excluded_lines": 0}, "missing_lines": [160], "excluded_lines": []}, "CauseOfAction": {"executed_lines": [], "summary": {"covered_lines": 0, "num_statements": 0, "percent_covered": 100.0, "percent_covered_display": "100", "missing_lines": 0, "excluded_lines": 0}, "missing_lines": [], "excluded_lines": []}, "WhatContext": {"executed_lines": [], "summary": {"covered_lines": 0, "num_statements": 2, "percent_covered": 0.0, "percent_covered_display": "0", "missing_lines": 2, "excluded_lines": 0}, "missing_lines": [201, 205], "excluded_lines": []}, "LocalRule": {"executed_lines": [], "summary": {"covered_lines": 0, "num_statements": 0, "percent_covered": 100.0, "percent_covered_display": "100", "missing_lines": 0, "excluded_lines": 0}, "missing_lines": [], "excluded_lines": []}, "WhereContext": {"executed_lines": [], "summary": {"covered_lines": 0, "num_statements": 1, "percent_covered": 0.0, "percent_covered_display": "0", "missing_lines": 1, "excluded_lines": 0}, "missing_lines": [244], "excluded_lines": []}, "TimelineEvent": {"executed_lines": [], "summary": {"covered_lines": 0, "num_statements": 0, "percent_covered": 100.0, "percent_covered_display": "100", "missing_lines": 0, "excluded_lines": 0}, "missing_lines": [], "excluded_lines": []}, "Deadline": {"executed_lines": [], "summary": {"covered_lines": 0, "num_statements": 0, "percent_covered": 100.0, "percent_covered_display": "100", "missing_lines": 0, "excluded_lines": 0}, "missing_lines": [], "excluded_lines": []}, "WhenContext": {"executed_lines": [], "summary": {"covered_lines": 0, "num_statements": 7, "percent_covered": 0.0, "percent_covered_display": "0", "missing_lines": 7, "excluded_lines": 0}, "missing_lines": [310, 311, 312, 313, 317, 318, 319], "excluded_lines": []}, "PrecedentAnalysis": {"executed_lines": [], "summary": {"covered_lines": 0, "num_statements": 0, "percent_covered": 100.0, "percent_covered_display": "100", "missing_lines": 0, "excluded_lines": 0}, "missing_lines": [], "excluded_lines": []}, "LegalTheory": {"executed_lines": [], "summary": {"covered_lines": 0, "num_statements": 0, "percent_covered": 100.0, "percent_covered_display": "100", "missing_lines": 0, "excluded_lines": 0}, "missing_lines": [], "excluded_lines": []}, "WhyContext": {"executed_lines": [], "summary": {"covered_lines": 0, "num_statements": 5, "percent_covered": 0.0, "percent_covered_display": "0", "missing_lines": 5, "excluded_lines": 0}, "missing_lines": [387, 391, 392, 393, 394], "excluded_lines": []}, "ContextResponse": {"executed_lines": [424, 425, 426, 427, 428, 429, 430], "summary": {"covered_lines": 7, "num_statements": 10, "percent_covered": 70.0, "percent_covered_display": "70", "missing_lines": 3, "excluded_lines": 0}, "missing_lines": [434, 441, 445], "excluded_lines": []}, "DimensionQualityMetrics": {"executed_lines": [501, 502], "summary": {"covered_lines": 2, "num_statements": 3, "percent_covered": 66.66666666666667, "percent_covered_display": "67", "missing_lines": 1, "excluded_lines": 0}, "missing_lines": [503], "excluded_lines": []}, "": {"executed_lines": [1, 14, 15, 16, 17, 24, 25, 36, 37, 38, 39, 40, 41, 43, 44, 52, 53, 64, 65, 66, 67, 68, 69, 72, 73, 84, 85, 86, 87, 88, 89, 92, 93, 104, 105, 106, 107, 108, 109, 112, 113, 118, 119, 120, 121, 122, 123, 124, 125, 127, 131, 140, 141, 151, 152, 153, 154, 155, 157, 158, 164, 165, 175, 176, 177, 178, 179, 182, 183, 188, 189, 190, 191, 192, 193, 194, 195, 196, 197, 199, 203, 212, 213, 221, 222, 223, 226, 227, 232, 233, 234, 235, 236, 237, 238, 239, 240, 242, 251, 252, 261, 262, 263, 264, 267, 268, 279, 280, 281, 282, 283, 284, 287, 288, 293, 294, 295, 296, 297, 298, 299, 300, 301, 302, 303, 304, 305, 306, 308, 315, 326, 327, 338, 339, 340, 341, 342, 343, 346, 347, 358, 359, 360, 361, 362, 363, 366, 367, 372, 373, 374, 375, 376, 377, 378, 379, 380, 381, 382, 383, 385, 389, 401, 402, 408, 409, 410, 411, 412, 413, 414, 415, 416, 417, 418, 419, 420, 422, 432, 443, 481, 482, 492, 493, 494, 495, 496, 498, 499], "summary": {"covered_lines": 170, "num_statements": 170, "percent_covered": 100.0, "percent_covered_display": "100", "missing_lines": 0, "excluded_lines": 0}, "missing_lines": [], "excluded_lines": []}}}, "src/utils/__init__.py": {"executed_lines": [], "summary": {"covered_lines": 0, "num_statements": 0, "percent_covered": 100.0, "percent_covered_display": "100", "missing_lines": 0, "excluded_lines": 0}, "missing_lines": [], "excluded_lines": [], "functions": {"": {"executed_lines": [], "summary": {"covered_lines": 0, "num_statements": 0, "percent_covered": 100.0, "percent_covered_display": "100", "missing_lines": 0, "excluded_lines": 0}, "missing_lines": [], "excluded_lines": []}}, "classes": {"": {"executed_lines": [], "summary": {"covered_lines": 0, "num_statements": 0, "percent_covered": 100.0, "percent_covered_display": "100", "missing_lines": 0, "excluded_lines": 0}, "missing_lines": [], "excluded_lines": []}}}}, "totals": {"covered_lines": 1337, "num_statements": 2268, "percent_covered": 58.95061728395062, "percent_covered_display": "59", "missing_lines": 931, "excluded_lines": 0}}